mode: set
github.com/GoogleContainerTools/kpt/porch/controllers/packagevariants/pkg/controllers/packagevariant/fake_client.go:33.99,36.2 2 0
github.com/GoogleContainerTools/kpt/porch/controllers/packagevariants/pkg/controllers/packagevariant/fake_client.go:38.99,41.2 2 1
github.com/GoogleContainerTools/kpt/porch/controllers/packagevariants/pkg/controllers/packagevariant/fake_client.go:43.99,46.2 2 1
github.com/GoogleContainerTools/kpt/porch/controllers/packagevariants/pkg/controllers/packagevariant/fake_client.go:48.99,98.25 4 1
github.com/GoogleContainerTools/kpt/porch/controllers/packagevariants/pkg/controllers/packagevariant/fake_client.go:99.38,101.19 2 1
github.com/GoogleContainerTools/kpt/porch/controllers/packagevariants/pkg/controllers/packagevariant/fake_client.go:102.15,103.45 1 1
github.com/GoogleContainerTools/kpt/porch/controllers/packagevariants/pkg/controllers/packagevariant/fake_client.go:104.20,105.43 1 1
github.com/GoogleContainerTools/kpt/porch/controllers/packagevariants/pkg/controllers/packagevariant/fake_client.go:106.11,107.41 1 0
github.com/GoogleContainerTools/kpt/porch/controllers/packagevariants/pkg/controllers/packagevariant/fake_client.go:109.10,110.40 1 0
github.com/GoogleContainerTools/kpt/porch/controllers/packagevariants/pkg/controllers/packagevariant/fake_client.go:112.2,112.12 1 1
github.com/GoogleContainerTools/kpt/porch/controllers/packagevariants/pkg/controllers/packagevariant/injection.go:41.59,43.2 1 1
github.com/GoogleContainerTools/kpt/porch/controllers/packagevariants/pkg/controllers/packagevariant/injection.go:68.76,71.9 3 1
github.com/GoogleContainerTools/kpt/porch/controllers/packagevariants/pkg/controllers/packagevariant/injection.go:71.9,73.3 1 1
github.com/GoogleContainerTools/kpt/porch/controllers/packagevariants/pkg/controllers/packagevariant/injection.go:74.2,79.30 2 1
github.com/GoogleContainerTools/kpt/porch/controllers/packagevariants/pkg/controllers/packagevariant/injection.go:79.30,81.3 1 1
github.com/GoogleContainerTools/kpt/porch/controllers/packagevariants/pkg/controllers/packagevariant/injection.go:81.8,81.37 1 1
github.com/GoogleContainerTools/kpt/porch/controllers/packagevariants/pkg/controllers/packagevariant/injection.go:81.37,83.3 1 1
github.com/GoogleContainerTools/kpt/porch/controllers/packagevariants/pkg/controllers/packagevariant/injection.go:83.8,86.3 1 1
github.com/GoogleContainerTools/kpt/porch/controllers/packagevariants/pkg/controllers/packagevariant/injection.go:87.2,87.11 1 1
github.com/GoogleContainerTools/kpt/porch/controllers/packagevariants/pkg/controllers/packagevariant/injection.go:93.48,96.16 2 1
github.com/GoogleContainerTools/kpt/porch/controllers/packagevariants/pkg/controllers/packagevariant/injection.go:96.16,98.3 1 0
github.com/GoogleContainerTools/kpt/porch/controllers/packagevariants/pkg/controllers/packagevariant/injection.go:100.2,103.16 3 1
github.com/GoogleContainerTools/kpt/porch/controllers/packagevariants/pkg/controllers/packagevariant/injection.go:103.16,105.3 1 0
github.com/GoogleContainerTools/kpt/porch/controllers/packagevariants/pkg/controllers/packagevariant/injection.go:107.2,111.37 2 1
github.com/GoogleContainerTools/kpt/porch/controllers/packagevariants/pkg/controllers/packagevariant/injection.go:111.37,112.18 1 1
github.com/GoogleContainerTools/kpt/porch/controllers/packagevariants/pkg/controllers/packagevariant/injection.go:112.18,114.4 1 1
github.com/GoogleContainerTools/kpt/porch/controllers/packagevariants/pkg/controllers/packagevariant/injection.go:117.2,118.16 2 1
github.com/GoogleContainerTools/kpt/porch/controllers/packagevariants/pkg/controllers/packagevariant/injection.go:118.16,120.3 1 0
github.com/GoogleContainerTools/kpt/porch/controllers/packagevariants/pkg/controllers/packagevariant/injection.go:122.2,126.12 3 1
github.com/GoogleContainerTools/kpt/porch/controllers/packagevariants/pkg/controllers/packagevariant/injection.go:129.51,131.25 2 1
github.com/GoogleContainerTools/kpt/porch/controllers/packagevariants/pkg/controllers/packagevariant/injection.go:131.25,133.3 1 1
github.com/GoogleContainerTools/kpt/porch/controllers/packagevariants/pkg/controllers/packagevariant/injection.go:134.2,134.37 1 1
github.com/GoogleContainerTools/kpt/porch/controllers/packagevariants/pkg/controllers/packagevariant/injection.go:137.92,139.42 2 1
github.com/GoogleContainerTools/kpt/porch/controllers/packagevariants/pkg/controllers/packagevariant/injection.go:139.42,140.25 1 1
github.com/GoogleContainerTools/kpt/porch/controllers/packagevariants/pkg/controllers/packagevariant/injection.go:140.25,141.12 1 0
github.com/GoogleContainerTools/kpt/porch/controllers/packagevariants/pkg/controllers/packagevariant/injection.go:145.3,146.17 2 1
github.com/GoogleContainerTools/kpt/porch/controllers/packagevariants/pkg/controllers/packagevariant/injection.go:146.17,148.4 1 1
github.com/GoogleContainerTools/kpt/porch/controllers/packagevariants/pkg/controllers/packagevariant/injection.go:149.3,149.21 1 1
github.com/GoogleContainerTools/kpt/porch/controllers/packagevariants/pkg/controllers/packagevariant/injection.go:151.2,151.20 1 1
github.com/GoogleContainerTools/kpt/porch/controllers/packagevariants/pkg/controllers/packagevariant/injection.go:154.77,156.31 2 1
github.com/GoogleContainerTools/kpt/porch/controllers/packagevariants/pkg/controllers/packagevariant/injection.go:156.31,158.26 1 1
github.com/GoogleContainerTools/kpt/porch/controllers/packagevariants/pkg/controllers/packagevariant/injection.go:158.26,160.17 2 1
github.com/GoogleContainerTools/kpt/porch/controllers/packagevariants/pkg/controllers/packagevariant/injection.go:160.17,162.5 1 1
github.com/GoogleContainerTools/kpt/porch/controllers/packagevariants/pkg/controllers/packagevariant/injection.go:165.2,165.24 1 1
github.com/GoogleContainerTools/kpt/porch/controllers/packagevariants/pkg/controllers/packagevariant/injection.go:168.71,172.37 3 1
github.com/GoogleContainerTools/kpt/porch/controllers/packagevariants/pkg/controllers/packagevariant/injection.go:172.37,174.50 2 1
github.com/GoogleContainerTools/kpt/porch/controllers/packagevariants/pkg/controllers/packagevariant/injection.go:174.50,178.4 1 1
github.com/GoogleContainerTools/kpt/porch/controllers/packagevariants/pkg/controllers/packagevariant/injection.go:179.3,179.33 1 1
github.com/GoogleContainerTools/kpt/porch/controllers/packagevariants/pkg/controllers/packagevariant/injection.go:182.2,182.22 1 1
github.com/GoogleContainerTools/kpt/porch/controllers/packagevariants/pkg/controllers/packagevariant/injection.go:182.22,184.3 1 1
github.com/GoogleContainerTools/kpt/porch/controllers/packagevariants/pkg/controllers/packagevariant/injection.go:186.2,186.12 1 1
github.com/GoogleContainerTools/kpt/porch/controllers/packagevariants/pkg/controllers/packagevariant/injection.go:189.148,190.37 1 1
github.com/GoogleContainerTools/kpt/porch/controllers/packagevariants/pkg/controllers/packagevariant/injection.go:190.37,191.26 1 1
github.com/GoogleContainerTools/kpt/porch/controllers/packagevariants/pkg/controllers/packagevariant/injection.go:191.26,193.12 2 0
github.com/GoogleContainerTools/kpt/porch/controllers/packagevariants/pkg/controllers/packagevariant/injection.go:195.3,195.70 1 1
github.com/GoogleContainerTools/kpt/porch/controllers/packagevariants/pkg/controllers/packagevariant/injection.go:195.70,197.12 2 0
github.com/GoogleContainerTools/kpt/porch/controllers/packagevariants/pkg/controllers/packagevariant/injection.go:199.3,199.23 1 1
github.com/GoogleContainerTools/kpt/porch/controllers/packagevariants/pkg/controllers/packagevariant/injection.go:203.69,204.37 1 1
github.com/GoogleContainerTools/kpt/porch/controllers/packagevariants/pkg/controllers/packagevariant/injection.go:204.37,207.3 2 0
github.com/GoogleContainerTools/kpt/porch/controllers/packagevariants/pkg/controllers/packagevariant/injection.go:209.2,209.37 1 1
github.com/GoogleContainerTools/kpt/porch/controllers/packagevariants/pkg/controllers/packagevariant/injection.go:209.37,211.15 2 1
github.com/GoogleContainerTools/kpt/porch/controllers/packagevariants/pkg/controllers/packagevariant/injection.go:211.15,212.12 1 1
github.com/GoogleContainerTools/kpt/porch/controllers/packagevariants/pkg/controllers/packagevariant/injection.go:215.3,216.8 2 1
github.com/GoogleContainerTools/kpt/porch/controllers/packagevariants/pkg/controllers/packagevariant/injection.go:220.72,226.49 4 1
github.com/GoogleContainerTools/kpt/porch/controllers/packagevariants/pkg/controllers/packagevariant/injection.go:226.49,227.49 1 1
github.com/GoogleContainerTools/kpt/porch/controllers/packagevariants/pkg/controllers/packagevariant/injection.go:227.49,228.12 1 1
github.com/GoogleContainerTools/kpt/porch/controllers/packagevariants/pkg/controllers/packagevariant/injection.go:230.3,230.57 1 1
github.com/GoogleContainerTools/kpt/porch/controllers/packagevariants/pkg/controllers/packagevariant/injection.go:230.57,231.12 1 0
github.com/GoogleContainerTools/kpt/porch/controllers/packagevariants/pkg/controllers/packagevariant/injection.go:234.3,235.10 2 1
github.com/GoogleContainerTools/kpt/porch/controllers/packagevariants/pkg/controllers/packagevariant/injection.go:235.10,239.4 3 0
github.com/GoogleContainerTools/kpt/porch/controllers/packagevariants/pkg/controllers/packagevariant/injection.go:241.3,242.17 2 1
github.com/GoogleContainerTools/kpt/porch/controllers/packagevariants/pkg/controllers/packagevariant/injection.go:242.17,246.4 3 0
github.com/GoogleContainerTools/kpt/porch/controllers/packagevariants/pkg/controllers/packagevariant/injection.go:247.3,248.17 2 1
github.com/GoogleContainerTools/kpt/porch/controllers/packagevariants/pkg/controllers/packagevariant/injection.go:248.17,252.4 3 0
github.com/GoogleContainerTools/kpt/porch/controllers/packagevariants/pkg/controllers/packagevariant/injection.go:253.3,253.8 1 1
github.com/GoogleContainerTools/kpt/porch/controllers/packagevariants/pkg/controllers/packagevariant/injection.go:257.100,260.51 2 1
github.com/GoogleContainerTools/kpt/porch/controllers/packagevariants/pkg/controllers/packagevariant/injection.go:260.51,262.3 1 0
github.com/GoogleContainerTools/kpt/porch/controllers/packagevariants/pkg/controllers/packagevariant/injection.go:263.2,263.55 1 1
github.com/GoogleContainerTools/kpt/porch/controllers/packagevariants/pkg/controllers/packagevariant/injection.go:263.55,265.3 1 0
github.com/GoogleContainerTools/kpt/porch/controllers/packagevariants/pkg/controllers/packagevariant/injection.go:266.2,266.67 1 1
github.com/GoogleContainerTools/kpt/porch/controllers/packagevariants/pkg/controllers/packagevariant/injection.go:266.67,268.3 1 0
github.com/GoogleContainerTools/kpt/porch/controllers/packagevariants/pkg/controllers/packagevariant/injection.go:275.2,275.42 1 1
github.com/GoogleContainerTools/kpt/porch/controllers/packagevariants/pkg/controllers/packagevariant/injection.go:275.42,276.35 1 1
github.com/GoogleContainerTools/kpt/porch/controllers/packagevariants/pkg/controllers/packagevariant/injection.go:276.35,278.4 1 1
github.com/GoogleContainerTools/kpt/porch/controllers/packagevariants/pkg/controllers/packagevariant/injection.go:281.2,281.12 1 1
github.com/GoogleContainerTools/kpt/porch/controllers/packagevariants/pkg/controllers/packagevariant/injection.go:284.117,287.16 3 1
github.com/GoogleContainerTools/kpt/porch/controllers/packagevariants/pkg/controllers/packagevariant/injection.go:287.16,289.3 1 0
github.com/GoogleContainerTools/kpt/porch/controllers/packagevariants/pkg/controllers/packagevariant/injection.go:291.2,292.17 2 1
github.com/GoogleContainerTools/kpt/porch/controllers/packagevariants/pkg/controllers/packagevariant/injection.go:292.17,294.3 1 1
github.com/GoogleContainerTools/kpt/porch/controllers/packagevariants/pkg/controllers/packagevariant/injection.go:296.2,297.43 2 1
github.com/GoogleContainerTools/kpt/porch/controllers/packagevariants/pkg/controllers/packagevariant/injection.go:297.43,299.3 1 1
github.com/GoogleContainerTools/kpt/porch/controllers/packagevariants/pkg/controllers/packagevariant/injection.go:301.2,302.19 2 1
github.com/GoogleContainerTools/kpt/porch/controllers/packagevariants/pkg/controllers/packagevariant/injection.go:302.19,304.3 1 1
github.com/GoogleContainerTools/kpt/porch/controllers/packagevariants/pkg/controllers/packagevariant/injection.go:305.2,307.37 2 1
github.com/GoogleContainerTools/kpt/porch/controllers/packagevariants/pkg/controllers/packagevariant/injection.go:307.37,308.18 1 1
github.com/GoogleContainerTools/kpt/porch/controllers/packagevariants/pkg/controllers/packagevariant/injection.go:308.18,310.4 1 1
github.com/GoogleContainerTools/kpt/porch/controllers/packagevariants/pkg/controllers/packagevariant/injection.go:311.3,315.25 5 1
github.com/GoogleContainerTools/kpt/porch/controllers/packagevariants/pkg/controllers/packagevariant/injection.go:315.25,317.4 1 0
github.com/GoogleContainerTools/kpt/porch/controllers/packagevariants/pkg/controllers/packagevariant/injection.go:318.3,318.18 1 1
github.com/GoogleContainerTools/kpt/porch/controllers/packagevariants/pkg/controllers/packagevariant/injection.go:318.18,322.4 3 1
github.com/GoogleContainerTools/kpt/porch/controllers/packagevariants/pkg/controllers/packagevariant/injection.go:324.3,329.5 1 1
github.com/GoogleContainerTools/kpt/porch/controllers/packagevariants/pkg/controllers/packagevariant/injection.go:335.2,336.25 2 1
github.com/GoogleContainerTools/kpt/porch/controllers/packagevariants/pkg/controllers/packagevariant/injection.go:336.25,338.3 1 1
github.com/GoogleContainerTools/kpt/porch/controllers/packagevariants/pkg/controllers/packagevariant/injection.go:339.2,339.40 1 1
github.com/GoogleContainerTools/kpt/porch/controllers/packagevariants/pkg/controllers/packagevariant/injection.go:339.40,339.98 1 1
github.com/GoogleContainerTools/kpt/porch/controllers/packagevariants/pkg/controllers/packagevariant/injection.go:341.2,341.18 1 1
github.com/GoogleContainerTools/kpt/porch/controllers/packagevariants/pkg/controllers/packagevariant/injection.go:341.18,344.17 3 1
github.com/GoogleContainerTools/kpt/porch/controllers/packagevariants/pkg/controllers/packagevariant/injection.go:344.17,346.4 1 0
github.com/GoogleContainerTools/kpt/porch/controllers/packagevariants/pkg/controllers/packagevariant/injection.go:350.2,350.23 1 1
github.com/GoogleContainerTools/kpt/porch/controllers/packagevariants/pkg/controllers/packagevariant/injection.go:350.23,351.46 1 1
github.com/GoogleContainerTools/kpt/porch/controllers/packagevariants/pkg/controllers/packagevariant/injection.go:351.46,351.96 1 1
github.com/GoogleContainerTools/kpt/porch/controllers/packagevariants/pkg/controllers/packagevariant/injection.go:352.3,354.17 3 1
github.com/GoogleContainerTools/kpt/porch/controllers/packagevariants/pkg/controllers/packagevariant/injection.go:354.17,356.4 1 0
github.com/GoogleContainerTools/kpt/porch/controllers/packagevariants/pkg/controllers/packagevariant/injection.go:359.2,359.12 1 1
github.com/GoogleContainerTools/kpt/porch/controllers/packagevariants/pkg/controllers/packagevariant/injection.go:362.94,364.31 2 1
github.com/GoogleContainerTools/kpt/porch/controllers/packagevariants/pkg/controllers/packagevariant/injection.go:364.31,371.3 1 1
github.com/GoogleContainerTools/kpt/porch/controllers/packagevariants/pkg/controllers/packagevariant/injection.go:372.2,372.15 1 1
github.com/GoogleContainerTools/kpt/porch/controllers/packagevariants/pkg/controllers/packagevariant/injection.go:375.83,377.31 2 1
github.com/GoogleContainerTools/kpt/porch/controllers/packagevariants/pkg/controllers/packagevariant/injection.go:377.31,384.3 1 1
github.com/GoogleContainerTools/kpt/porch/controllers/packagevariants/pkg/controllers/packagevariant/injection.go:385.2,385.15 1 1
github.com/GoogleContainerTools/kpt/porch/controllers/packagevariants/pkg/controllers/packagevariant/injection.go:392.36,393.42 1 1
github.com/GoogleContainerTools/kpt/porch/controllers/packagevariants/pkg/controllers/packagevariant/injection.go:393.42,397.66 2 1
github.com/GoogleContainerTools/kpt/porch/controllers/packagevariants/pkg/controllers/packagevariant/injection.go:397.66,399.4 1 1
github.com/GoogleContainerTools/kpt/porch/controllers/packagevariants/pkg/controllers/packagevariant/injection.go:401.2,401.14 1 0
github.com/GoogleContainerTools/kpt/porch/controllers/packagevariants/pkg/controllers/packagevariant/injection.go:404.112,414.52 5 1
github.com/GoogleContainerTools/kpt/porch/controllers/packagevariants/pkg/controllers/packagevariant/injection.go:414.52,416.3 1 0
github.com/GoogleContainerTools/kpt/porch/controllers/packagevariants/pkg/controllers/packagevariant/injection.go:418.2,418.32 1 1
github.com/GoogleContainerTools/kpt/porch/controllers/packagevariants/pkg/controllers/packagevariant/injection.go:418.32,420.3 1 1
github.com/GoogleContainerTools/kpt/porch/controllers/packagevariants/pkg/controllers/packagevariant/injection.go:422.2,422.12 1 1
github.com/GoogleContainerTools/kpt/porch/controllers/packagevariants/pkg/controllers/packagevariant/packagevariant_controller.go:49.57,49.58 0 0
github.com/GoogleContainerTools/kpt/porch/controllers/packagevariants/pkg/controllers/packagevariant/packagevariant_controller.go:50.57,50.58 0 0
github.com/GoogleContainerTools/kpt/porch/controllers/packagevariants/pkg/controllers/packagevariant/packagevariant_controller.go:73.106,75.16 2 0
github.com/GoogleContainerTools/kpt/porch/controllers/packagevariants/pkg/controllers/packagevariant/packagevariant_controller.go:75.16,77.3 1 0
github.com/GoogleContainerTools/kpt/porch/controllers/packagevariants/pkg/controllers/packagevariant/packagevariant_controller.go:78.2,78.15 1 0
github.com/GoogleContainerTools/kpt/porch/controllers/packagevariants/pkg/controllers/packagevariant/packagevariant_controller.go:78.15,81.3 1 0
github.com/GoogleContainerTools/kpt/porch/controllers/packagevariants/pkg/controllers/packagevariant/packagevariant_controller.go:83.2,83.15 1 0
github.com/GoogleContainerTools/kpt/porch/controllers/packagevariants/pkg/controllers/packagevariant/packagevariant_controller.go:83.15,84.59 1 0
github.com/GoogleContainerTools/kpt/porch/controllers/packagevariants/pkg/controllers/packagevariant/packagevariant_controller.go:84.59,86.4 1 0
github.com/GoogleContainerTools/kpt/porch/controllers/packagevariants/pkg/controllers/packagevariant/packagevariant_controller.go:89.2,89.47 1 0
github.com/GoogleContainerTools/kpt/porch/controllers/packagevariants/pkg/controllers/packagevariant/packagevariant_controller.go:89.47,94.35 1 0
github.com/GoogleContainerTools/kpt/porch/controllers/packagevariants/pkg/controllers/packagevariant/packagevariant_controller.go:94.35,95.54 1 0
github.com/GoogleContainerTools/kpt/porch/controllers/packagevariants/pkg/controllers/packagevariant/packagevariant_controller.go:95.54,97.79 2 0
github.com/GoogleContainerTools/kpt/porch/controllers/packagevariants/pkg/controllers/packagevariant/packagevariant_controller.go:97.79,101.6 1 0
github.com/GoogleContainerTools/kpt/porch/controllers/packagevariants/pkg/controllers/packagevariant/packagevariant_controller.go:105.3,106.43 2 0
github.com/GoogleContainerTools/kpt/porch/controllers/packagevariants/pkg/controllers/packagevariant/packagevariant_controller.go:106.43,108.4 1 0
github.com/GoogleContainerTools/kpt/porch/controllers/packagevariants/pkg/controllers/packagevariant/packagevariant_controller.go:109.3,109.28 1 0
github.com/GoogleContainerTools/kpt/porch/controllers/packagevariants/pkg/controllers/packagevariant/packagevariant_controller.go:113.2,113.58 1 0
github.com/GoogleContainerTools/kpt/porch/controllers/packagevariants/pkg/controllers/packagevariant/packagevariant_controller.go:113.58,115.43 2 0
github.com/GoogleContainerTools/kpt/porch/controllers/packagevariants/pkg/controllers/packagevariant/packagevariant_controller.go:115.43,117.4 1 0
github.com/GoogleContainerTools/kpt/porch/controllers/packagevariants/pkg/controllers/packagevariant/packagevariant_controller.go:120.2,120.55 1 0
github.com/GoogleContainerTools/kpt/porch/controllers/packagevariants/pkg/controllers/packagevariant/packagevariant_controller.go:120.55,123.3 2 0
github.com/GoogleContainerTools/kpt/porch/controllers/packagevariants/pkg/controllers/packagevariant/packagevariant_controller.go:124.2,125.16 2 0
github.com/GoogleContainerTools/kpt/porch/controllers/packagevariants/pkg/controllers/packagevariant/packagevariant_controller.go:125.16,128.3 2 0
github.com/GoogleContainerTools/kpt/porch/controllers/packagevariants/pkg/controllers/packagevariant/packagevariant_controller.go:129.2,139.27 4 0
github.com/GoogleContainerTools/kpt/porch/controllers/packagevariants/pkg/controllers/packagevariant/packagevariant_controller.go:143.80,145.67 2 0
github.com/GoogleContainerTools/kpt/porch/controllers/packagevariants/pkg/controllers/packagevariant/packagevariant_controller.go:145.67,147.3 1 0
github.com/GoogleContainerTools/kpt/porch/controllers/packagevariants/pkg/controllers/packagevariant/packagevariant_controller.go:149.2,150.86 2 0
github.com/GoogleContainerTools/kpt/porch/controllers/packagevariants/pkg/controllers/packagevariant/packagevariant_controller.go:150.86,152.3 1 0
github.com/GoogleContainerTools/kpt/porch/controllers/packagevariants/pkg/controllers/packagevariant/packagevariant_controller.go:154.2,154.26 1 0
github.com/GoogleContainerTools/kpt/porch/controllers/packagevariants/pkg/controllers/packagevariant/packagevariant_controller.go:157.62,159.29 2 1
github.com/GoogleContainerTools/kpt/porch/controllers/packagevariants/pkg/controllers/packagevariant/packagevariant_controller.go:159.29,161.3 1 1
github.com/GoogleContainerTools/kpt/porch/controllers/packagevariants/pkg/controllers/packagevariant/packagevariant_controller.go:161.8,162.34 1 1
github.com/GoogleContainerTools/kpt/porch/controllers/packagevariants/pkg/controllers/packagevariant/packagevariant_controller.go:162.34,164.4 1 0
github.com/GoogleContainerTools/kpt/porch/controllers/packagevariants/pkg/controllers/packagevariant/packagevariant_controller.go:165.3,165.37 1 1
github.com/GoogleContainerTools/kpt/porch/controllers/packagevariants/pkg/controllers/packagevariant/packagevariant_controller.go:165.37,167.4 1 1
github.com/GoogleContainerTools/kpt/porch/controllers/packagevariants/pkg/controllers/packagevariant/packagevariant_controller.go:168.3,168.38 1 1
github.com/GoogleContainerTools/kpt/porch/controllers/packagevariants/pkg/controllers/packagevariant/packagevariant_controller.go:168.38,170.4 1 0
github.com/GoogleContainerTools/kpt/porch/controllers/packagevariants/pkg/controllers/packagevariant/packagevariant_controller.go:172.2,172.31 1 1
github.com/GoogleContainerTools/kpt/porch/controllers/packagevariants/pkg/controllers/packagevariant/packagevariant_controller.go:172.31,174.3 1 1
github.com/GoogleContainerTools/kpt/porch/controllers/packagevariants/pkg/controllers/packagevariant/packagevariant_controller.go:174.8,175.36 1 1
github.com/GoogleContainerTools/kpt/porch/controllers/packagevariants/pkg/controllers/packagevariant/packagevariant_controller.go:175.36,177.4 1 0
github.com/GoogleContainerTools/kpt/porch/controllers/packagevariants/pkg/controllers/packagevariant/packagevariant_controller.go:178.3,178.39 1 1
github.com/GoogleContainerTools/kpt/porch/controllers/packagevariants/pkg/controllers/packagevariant/packagevariant_controller.go:178.39,180.4 1 1
github.com/GoogleContainerTools/kpt/porch/controllers/packagevariants/pkg/controllers/packagevariant/packagevariant_controller.go:182.2,182.34 1 1
github.com/GoogleContainerTools/kpt/porch/controllers/packagevariants/pkg/controllers/packagevariant/packagevariant_controller.go:182.34,184.3 1 1
github.com/GoogleContainerTools/kpt/porch/controllers/packagevariants/pkg/controllers/packagevariant/packagevariant_controller.go:185.2,185.34 1 1
github.com/GoogleContainerTools/kpt/porch/controllers/packagevariants/pkg/controllers/packagevariant/packagevariant_controller.go:185.34,187.3 1 1
github.com/GoogleContainerTools/kpt/porch/controllers/packagevariants/pkg/controllers/packagevariant/packagevariant_controller.go:188.2,188.120 1 1
github.com/GoogleContainerTools/kpt/porch/controllers/packagevariants/pkg/controllers/packagevariant/packagevariant_controller.go:188.120,191.3 1 1
github.com/GoogleContainerTools/kpt/porch/controllers/packagevariants/pkg/controllers/packagevariant/packagevariant_controller.go:192.2,192.110 1 1
github.com/GoogleContainerTools/kpt/porch/controllers/packagevariants/pkg/controllers/packagevariant/packagevariant_controller.go:192.110,195.3 1 1
github.com/GoogleContainerTools/kpt/porch/controllers/packagevariants/pkg/controllers/packagevariant/packagevariant_controller.go:196.2,196.45 1 1
github.com/GoogleContainerTools/kpt/porch/controllers/packagevariants/pkg/controllers/packagevariant/packagevariant_controller.go:196.45,198.39 2 1
github.com/GoogleContainerTools/kpt/porch/controllers/packagevariants/pkg/controllers/packagevariant/packagevariant_controller.go:198.39,199.24 1 1
github.com/GoogleContainerTools/kpt/porch/controllers/packagevariants/pkg/controllers/packagevariant/packagevariant_controller.go:199.24,200.38 1 1
github.com/GoogleContainerTools/kpt/porch/controllers/packagevariants/pkg/controllers/packagevariant/packagevariant_controller.go:200.38,205.6 1 1
github.com/GoogleContainerTools/kpt/porch/controllers/packagevariants/pkg/controllers/packagevariant/packagevariant_controller.go:207.4,207.30 1 1
github.com/GoogleContainerTools/kpt/porch/controllers/packagevariants/pkg/controllers/packagevariant/packagevariant_controller.go:207.30,208.37 1 1
github.com/GoogleContainerTools/kpt/porch/controllers/packagevariants/pkg/controllers/packagevariant/packagevariant_controller.go:208.37,209.22 1 1
github.com/GoogleContainerTools/kpt/porch/controllers/packagevariants/pkg/controllers/packagevariant/packagevariant_controller.go:209.22,214.7 1 1
github.com/GoogleContainerTools/kpt/porch/controllers/packagevariants/pkg/controllers/packagevariant/packagevariant_controller.go:219.2,219.32 1 1
github.com/GoogleContainerTools/kpt/porch/controllers/packagevariants/pkg/controllers/packagevariant/packagevariant_controller.go:219.32,220.46 1 1
github.com/GoogleContainerTools/kpt/porch/controllers/packagevariants/pkg/controllers/packagevariant/packagevariant_controller.go:220.46,221.27 1 1
github.com/GoogleContainerTools/kpt/porch/controllers/packagevariants/pkg/controllers/packagevariant/packagevariant_controller.go:221.27,223.5 1 1
github.com/GoogleContainerTools/kpt/porch/controllers/packagevariants/pkg/controllers/packagevariant/packagevariant_controller.go:226.2,226.16 1 1
github.com/GoogleContainerTools/kpt/porch/controllers/packagevariants/pkg/controllers/packagevariant/packagevariant_controller.go:229.42,231.25 2 1
github.com/GoogleContainerTools/kpt/porch/controllers/packagevariants/pkg/controllers/packagevariant/packagevariant_controller.go:231.25,232.14 1 1
github.com/GoogleContainerTools/kpt/porch/controllers/packagevariants/pkg/controllers/packagevariant/packagevariant_controller.go:232.14,234.4 1 1
github.com/GoogleContainerTools/kpt/porch/controllers/packagevariants/pkg/controllers/packagevariant/packagevariant_controller.go:236.2,236.36 1 1
github.com/GoogleContainerTools/kpt/porch/controllers/packagevariants/pkg/controllers/packagevariant/packagevariant_controller.go:240.75,241.34 1 0
github.com/GoogleContainerTools/kpt/porch/controllers/packagevariants/pkg/controllers/packagevariant/packagevariant_controller.go:241.34,244.42 1 0
github.com/GoogleContainerTools/kpt/porch/controllers/packagevariants/pkg/controllers/packagevariant/packagevariant_controller.go:244.42,246.4 1 0
github.com/GoogleContainerTools/kpt/porch/controllers/packagevariants/pkg/controllers/packagevariant/packagevariant_controller.go:248.2,249.54 1 0
github.com/GoogleContainerTools/kpt/porch/controllers/packagevariants/pkg/controllers/packagevariant/packagevariant_controller.go:252.73,265.2 2 0
github.com/GoogleContainerTools/kpt/porch/controllers/packagevariants/pkg/controllers/packagevariant/packagevariant_controller.go:280.77,283.16 2 0
github.com/GoogleContainerTools/kpt/porch/controllers/packagevariants/pkg/controllers/packagevariant/packagevariant_controller.go:283.16,285.3 1 0
github.com/GoogleContainerTools/kpt/porch/controllers/packagevariants/pkg/controllers/packagevariant/packagevariant_controller.go:286.2,286.21 1 0
github.com/GoogleContainerTools/kpt/porch/controllers/packagevariants/pkg/controllers/packagevariant/packagevariant_controller.go:286.21,288.3 1 0
github.com/GoogleContainerTools/kpt/porch/controllers/packagevariants/pkg/controllers/packagevariant/packagevariant_controller.go:291.2,321.51 2 0
github.com/GoogleContainerTools/kpt/porch/controllers/packagevariants/pkg/controllers/packagevariant/packagevariant_controller.go:321.51,323.3 1 0
github.com/GoogleContainerTools/kpt/porch/controllers/packagevariants/pkg/controllers/packagevariant/packagevariant_controller.go:324.2,327.16 3 0
github.com/GoogleContainerTools/kpt/porch/controllers/packagevariants/pkg/controllers/packagevariant/packagevariant_controller.go:327.16,329.3 1 0
github.com/GoogleContainerTools/kpt/porch/controllers/packagevariants/pkg/controllers/packagevariant/packagevariant_controller.go:330.2,330.13 1 0
github.com/GoogleContainerTools/kpt/porch/controllers/packagevariants/pkg/controllers/packagevariant/packagevariant_controller.go:330.13,332.43 1 0
github.com/GoogleContainerTools/kpt/porch/controllers/packagevariants/pkg/controllers/packagevariant/packagevariant_controller.go:332.43,334.4 1 0
github.com/GoogleContainerTools/kpt/porch/controllers/packagevariants/pkg/controllers/packagevariant/packagevariant_controller.go:335.3,335.111 1 0
github.com/GoogleContainerTools/kpt/porch/controllers/packagevariants/pkg/controllers/packagevariant/packagevariant_controller.go:338.2,338.48 1 0
github.com/GoogleContainerTools/kpt/porch/controllers/packagevariants/pkg/controllers/packagevariant/packagevariant_controller.go:344.77,346.24 2 0
github.com/GoogleContainerTools/kpt/porch/controllers/packagevariants/pkg/controllers/packagevariant/packagevariant_controller.go:346.24,350.3 1 0
github.com/GoogleContainerTools/kpt/porch/controllers/packagevariants/pkg/controllers/packagevariant/packagevariant_controller.go:352.2,353.41 2 0
github.com/GoogleContainerTools/kpt/porch/controllers/packagevariants/pkg/controllers/packagevariant/packagevariant_controller.go:353.41,354.85 1 0
github.com/GoogleContainerTools/kpt/porch/controllers/packagevariants/pkg/controllers/packagevariant/packagevariant_controller.go:354.85,360.59 2 0
github.com/GoogleContainerTools/kpt/porch/controllers/packagevariants/pkg/controllers/packagevariant/packagevariant_controller.go:360.59,363.5 2 0
github.com/GoogleContainerTools/kpt/porch/controllers/packagevariants/pkg/controllers/packagevariant/packagevariant_controller.go:367.3,367.36 1 0
github.com/GoogleContainerTools/kpt/porch/controllers/packagevariants/pkg/controllers/packagevariant/packagevariant_controller.go:367.36,369.64 1 0
github.com/GoogleContainerTools/kpt/porch/controllers/packagevariants/pkg/controllers/packagevariant/packagevariant_controller.go:369.64,372.19 3 0
github.com/GoogleContainerTools/kpt/porch/controllers/packagevariants/pkg/controllers/packagevariant/packagevariant_controller.go:372.19,374.6 1 0
github.com/GoogleContainerTools/kpt/porch/controllers/packagevariants/pkg/controllers/packagevariant/packagevariant_controller.go:376.4,377.18 2 0
github.com/GoogleContainerTools/kpt/porch/controllers/packagevariants/pkg/controllers/packagevariant/packagevariant_controller.go:377.18,379.5 1 0
github.com/GoogleContainerTools/kpt/porch/controllers/packagevariants/pkg/controllers/packagevariant/packagevariant_controller.go:380.4,380.152 1 0
github.com/GoogleContainerTools/kpt/porch/controllers/packagevariants/pkg/controllers/packagevariant/packagevariant_controller.go:384.3,385.17 2 0
github.com/GoogleContainerTools/kpt/porch/controllers/packagevariants/pkg/controllers/packagevariant/packagevariant_controller.go:385.17,387.4 1 0
github.com/GoogleContainerTools/kpt/porch/controllers/packagevariants/pkg/controllers/packagevariant/packagevariant_controller.go:390.3,390.14 1 0
github.com/GoogleContainerTools/kpt/porch/controllers/packagevariants/pkg/controllers/packagevariant/packagevariant_controller.go:390.14,393.64 1 0
github.com/GoogleContainerTools/kpt/porch/controllers/packagevariants/pkg/controllers/packagevariant/packagevariant_controller.go:393.64,396.19 3 0
github.com/GoogleContainerTools/kpt/porch/controllers/packagevariants/pkg/controllers/packagevariant/packagevariant_controller.go:396.19,398.6 1 0
github.com/GoogleContainerTools/kpt/porch/controllers/packagevariants/pkg/controllers/packagevariant/packagevariant_controller.go:399.5,399.32 1 0
github.com/GoogleContainerTools/kpt/porch/controllers/packagevariants/pkg/controllers/packagevariant/packagevariant_controller.go:402.4,403.18 2 0
github.com/GoogleContainerTools/kpt/porch/controllers/packagevariants/pkg/controllers/packagevariant/packagevariant_controller.go:403.18,405.5 1 0
github.com/GoogleContainerTools/kpt/porch/controllers/packagevariants/pkg/controllers/packagevariant/packagevariant_controller.go:407.4,407.45 1 0
github.com/GoogleContainerTools/kpt/porch/controllers/packagevariants/pkg/controllers/packagevariant/packagevariant_controller.go:407.45,409.5 1 0
github.com/GoogleContainerTools/kpt/porch/controllers/packagevariants/pkg/controllers/packagevariant/packagevariant_controller.go:410.4,410.122 1 0
github.com/GoogleContainerTools/kpt/porch/controllers/packagevariants/pkg/controllers/packagevariant/packagevariant_controller.go:414.2,414.25 1 0
github.com/GoogleContainerTools/kpt/porch/controllers/packagevariants/pkg/controllers/packagevariant/packagevariant_controller.go:422.68,431.34 5 1
github.com/GoogleContainerTools/kpt/porch/controllers/packagevariants/pkg/controllers/packagevariant/packagevariant_controller.go:431.34,440.74 2 1
github.com/GoogleContainerTools/kpt/porch/controllers/packagevariants/pkg/controllers/packagevariant/packagevariant_controller.go:440.74,442.12 1 1
github.com/GoogleContainerTools/kpt/porch/controllers/packagevariants/pkg/controllers/packagevariant/packagevariant_controller.go:446.3,447.46 1 1
github.com/GoogleContainerTools/kpt/porch/controllers/packagevariants/pkg/controllers/packagevariant/packagevariant_controller.go:447.46,448.13 1 1
github.com/GoogleContainerTools/kpt/porch/controllers/packagevariants/pkg/controllers/packagevariant/packagevariant_controller.go:448.13,452.5 1 1
github.com/GoogleContainerTools/kpt/porch/controllers/packagevariants/pkg/controllers/packagevariant/packagevariant_controller.go:453.4,453.12 1 1
github.com/GoogleContainerTools/kpt/porch/controllers/packagevariants/pkg/controllers/packagevariant/packagevariant_controller.go:457.3,457.74 1 1
github.com/GoogleContainerTools/kpt/porch/controllers/packagevariants/pkg/controllers/packagevariant/packagevariant_controller.go:457.74,459.63 2 1
github.com/GoogleContainerTools/kpt/porch/controllers/packagevariants/pkg/controllers/packagevariant/packagevariant_controller.go:459.63,461.5 1 0
github.com/GoogleContainerTools/kpt/porch/controllers/packagevariants/pkg/controllers/packagevariant/packagevariant_controller.go:464.3,464.55 1 1
github.com/GoogleContainerTools/kpt/porch/controllers/packagevariants/pkg/controllers/packagevariant/packagevariant_controller.go:464.55,466.4 1 1
github.com/GoogleContainerTools/kpt/porch/controllers/packagevariants/pkg/controllers/packagevariant/packagevariant_controller.go:466.9,468.4 1 1
github.com/GoogleContainerTools/kpt/porch/controllers/packagevariants/pkg/controllers/packagevariant/packagevariant_controller.go:471.2,471.21 1 1
github.com/GoogleContainerTools/kpt/porch/controllers/packagevariants/pkg/controllers/packagevariant/packagevariant_controller.go:471.21,473.3 1 1
github.com/GoogleContainerTools/kpt/porch/controllers/packagevariants/pkg/controllers/packagevariant/packagevariant_controller.go:474.2,474.28 1 1
github.com/GoogleContainerTools/kpt/porch/controllers/packagevariants/pkg/controllers/packagevariant/packagevariant_controller.go:474.28,476.3 1 1
github.com/GoogleContainerTools/kpt/porch/controllers/packagevariants/pkg/controllers/packagevariant/packagevariant_controller.go:477.2,477.12 1 1
github.com/GoogleContainerTools/kpt/porch/controllers/packagevariants/pkg/controllers/packagevariant/packagevariant_controller.go:480.119,481.65 1 1
github.com/GoogleContainerTools/kpt/porch/controllers/packagevariants/pkg/controllers/packagevariant/packagevariant_controller.go:482.16,482.16 0 0
github.com/GoogleContainerTools/kpt/porch/controllers/packagevariants/pkg/controllers/packagevariant/packagevariant_controller.go:484.15,484.15 0 1
github.com/GoogleContainerTools/kpt/porch/controllers/packagevariants/pkg/controllers/packagevariant/packagevariant_controller.go:486.15,489.34 2 1
github.com/GoogleContainerTools/kpt/porch/controllers/packagevariants/pkg/controllers/packagevariant/packagevariant_controller.go:491.2,491.39 1 1
github.com/GoogleContainerTools/kpt/porch/controllers/packagevariants/pkg/controllers/packagevariant/packagevariant_controller.go:495.118,496.31 1 1
github.com/GoogleContainerTools/kpt/porch/controllers/packagevariants/pkg/controllers/packagevariant/packagevariant_controller.go:496.31,497.26 1 1
github.com/GoogleContainerTools/kpt/porch/controllers/packagevariants/pkg/controllers/packagevariant/packagevariant_controller.go:497.26,499.4 1 1
github.com/GoogleContainerTools/kpt/porch/controllers/packagevariants/pkg/controllers/packagevariant/packagevariant_controller.go:501.2,501.14 1 1
github.com/GoogleContainerTools/kpt/porch/controllers/packagevariants/pkg/controllers/packagevariant/packagevariant_controller.go:506.26,507.32 1 1
github.com/GoogleContainerTools/kpt/porch/controllers/packagevariants/pkg/controllers/packagevariant/packagevariant_controller.go:508.36,510.35 2 1
github.com/GoogleContainerTools/kpt/porch/controllers/packagevariants/pkg/controllers/packagevariant/packagevariant_controller.go:511.32,513.39 2 1
github.com/GoogleContainerTools/kpt/porch/controllers/packagevariants/pkg/controllers/packagevariant/packagevariant_controller.go:514.10,516.68 1 0
github.com/GoogleContainerTools/kpt/porch/controllers/packagevariants/pkg/controllers/packagevariant/packagevariant_controller.go:522.26,524.49 2 1
github.com/GoogleContainerTools/kpt/porch/controllers/packagevariants/pkg/controllers/packagevariant/packagevariant_controller.go:524.49,526.3 1 0
github.com/GoogleContainerTools/kpt/porch/controllers/packagevariants/pkg/controllers/packagevariant/packagevariant_controller.go:530.51,532.34 2 1
github.com/GoogleContainerTools/kpt/porch/controllers/packagevariants/pkg/controllers/packagevariant/packagevariant_controller.go:532.34,533.33 1 1
github.com/GoogleContainerTools/kpt/porch/controllers/packagevariants/pkg/controllers/packagevariant/packagevariant_controller.go:533.33,535.4 1 1
github.com/GoogleContainerTools/kpt/porch/controllers/packagevariants/pkg/controllers/packagevariant/packagevariant_controller.go:537.2,537.15 1 1
github.com/GoogleContainerTools/kpt/porch/controllers/packagevariants/pkg/controllers/packagevariant/packagevariant_controller.go:544.32,546.60 2 1
github.com/GoogleContainerTools/kpt/porch/controllers/packagevariants/pkg/controllers/packagevariant/packagevariant_controller.go:546.60,548.3 1 0
github.com/GoogleContainerTools/kpt/porch/controllers/packagevariants/pkg/controllers/packagevariant/packagevariant_controller.go:549.2,549.35 1 1
github.com/GoogleContainerTools/kpt/porch/controllers/packagevariants/pkg/controllers/packagevariant/packagevariant_controller.go:549.35,551.3 1 0
github.com/GoogleContainerTools/kpt/porch/controllers/packagevariants/pkg/controllers/packagevariant/packagevariant_controller.go:552.2,552.70 1 1
github.com/GoogleContainerTools/kpt/porch/controllers/packagevariants/pkg/controllers/packagevariant/packagevariant_controller.go:552.70,554.3 1 0
github.com/GoogleContainerTools/kpt/porch/controllers/packagevariants/pkg/controllers/packagevariant/packagevariant_controller.go:555.2,555.40 1 1
github.com/GoogleContainerTools/kpt/porch/controllers/packagevariants/pkg/controllers/packagevariant/packagevariant_controller.go:555.40,557.3 1 0
github.com/GoogleContainerTools/kpt/porch/controllers/packagevariants/pkg/controllers/packagevariant/packagevariant_controller.go:558.2,558.33 1 1
github.com/GoogleContainerTools/kpt/porch/controllers/packagevariants/pkg/controllers/packagevariant/packagevariant_controller.go:561.109,562.27 1 1
github.com/GoogleContainerTools/kpt/porch/controllers/packagevariants/pkg/controllers/packagevariant/packagevariant_controller.go:563.93,564.50 1 1
github.com/GoogleContainerTools/kpt/porch/controllers/packagevariants/pkg/controllers/packagevariant/packagevariant_controller.go:564.50,566.4 1 0
github.com/GoogleContainerTools/kpt/porch/controllers/packagevariants/pkg/controllers/packagevariant/packagevariant_controller.go:567.50,569.50 2 1
github.com/GoogleContainerTools/kpt/porch/controllers/packagevariants/pkg/controllers/packagevariant/packagevariant_controller.go:569.50,571.4 1 0
github.com/GoogleContainerTools/kpt/porch/controllers/packagevariants/pkg/controllers/packagevariant/packagevariant_controller.go:572.57,572.57 0 1
github.com/GoogleContainerTools/kpt/porch/controllers/packagevariants/pkg/controllers/packagevariant/packagevariant_controller.go:574.10,576.97 1 0
github.com/GoogleContainerTools/kpt/porch/controllers/packagevariants/pkg/controllers/packagevariant/packagevariant_controller.go:581.114,584.55 3 0
github.com/GoogleContainerTools/kpt/porch/controllers/packagevariants/pkg/controllers/packagevariant/packagevariant_controller.go:584.55,588.3 1 0
github.com/GoogleContainerTools/kpt/porch/controllers/packagevariants/pkg/controllers/packagevariant/packagevariant_controller.go:589.2,590.61 2 0
github.com/GoogleContainerTools/kpt/porch/controllers/packagevariants/pkg/controllers/packagevariant/packagevariant_controller.go:596.75,616.52 6 0
github.com/GoogleContainerTools/kpt/porch/controllers/packagevariants/pkg/controllers/packagevariant/packagevariant_controller.go:616.52,618.3 1 0
github.com/GoogleContainerTools/kpt/porch/controllers/packagevariants/pkg/controllers/packagevariant/packagevariant_controller.go:620.2,620.19 1 0
github.com/GoogleContainerTools/kpt/porch/controllers/packagevariants/pkg/controllers/packagevariant/packagevariant_controller.go:624.58,626.34 2 1
github.com/GoogleContainerTools/kpt/porch/controllers/packagevariants/pkg/controllers/packagevariant/packagevariant_controller.go:626.34,627.75 1 1
github.com/GoogleContainerTools/kpt/porch/controllers/packagevariants/pkg/controllers/packagevariant/packagevariant_controller.go:627.75,628.12 1 1
github.com/GoogleContainerTools/kpt/porch/controllers/packagevariants/pkg/controllers/packagevariant/packagevariant_controller.go:630.3,631.64 2 1
github.com/GoogleContainerTools/kpt/porch/controllers/packagevariants/pkg/controllers/packagevariant/packagevariant_controller.go:631.64,632.12 1 1
github.com/GoogleContainerTools/kpt/porch/controllers/packagevariants/pkg/controllers/packagevariant/packagevariant_controller.go:634.3,636.23 3 1
github.com/GoogleContainerTools/kpt/porch/controllers/packagevariants/pkg/controllers/packagevariant/packagevariant_controller.go:636.23,638.4 1 1
github.com/GoogleContainerTools/kpt/porch/controllers/packagevariants/pkg/controllers/packagevariant/packagevariant_controller.go:640.2,641.77 2 1
github.com/GoogleContainerTools/kpt/porch/controllers/packagevariants/pkg/controllers/packagevariant/packagevariant_controller.go:644.76,654.2 2 1
github.com/GoogleContainerTools/kpt/porch/controllers/packagevariants/pkg/controllers/packagevariant/packagevariant_controller.go:658.78,673.16 7 0
github.com/GoogleContainerTools/kpt/porch/controllers/packagevariants/pkg/controllers/packagevariant/packagevariant_controller.go:673.16,675.3 1 0
github.com/GoogleContainerTools/kpt/porch/controllers/packagevariants/pkg/controllers/packagevariant/packagevariant_controller.go:676.2,676.19 1 0
github.com/GoogleContainerTools/kpt/porch/controllers/packagevariants/pkg/controllers/packagevariant/packagevariant_controller.go:679.104,681.16 2 0
github.com/GoogleContainerTools/kpt/porch/controllers/packagevariants/pkg/controllers/packagevariant/packagevariant_controller.go:681.16,691.3 4 0
github.com/GoogleContainerTools/kpt/porch/controllers/packagevariants/pkg/controllers/packagevariant/packagevariant_controller.go:692.2,692.28 1 0
github.com/GoogleContainerTools/kpt/porch/controllers/packagevariants/pkg/controllers/packagevariant/packagevariant_controller.go:692.28,696.3 1 0
github.com/GoogleContainerTools/kpt/porch/controllers/packagevariants/pkg/controllers/packagevariant/packagevariant_controller.go:697.2,702.4 1 0
github.com/GoogleContainerTools/kpt/porch/controllers/packagevariants/pkg/controllers/packagevariant/packagevariant_controller.go:706.77,707.57 1 0
github.com/GoogleContainerTools/kpt/porch/controllers/packagevariants/pkg/controllers/packagevariant/packagevariant_controller.go:707.57,709.3 1 0
github.com/GoogleContainerTools/kpt/porch/controllers/packagevariants/pkg/controllers/packagevariant/packagevariant_controller.go:710.2,710.62 1 0
github.com/GoogleContainerTools/kpt/porch/controllers/packagevariants/pkg/controllers/packagevariant/packagevariant_controller.go:710.62,712.3 1 0
github.com/GoogleContainerTools/kpt/porch/controllers/packagevariants/pkg/controllers/packagevariant/packagevariant_controller.go:713.2,713.63 1 0
github.com/GoogleContainerTools/kpt/porch/controllers/packagevariants/pkg/controllers/packagevariant/packagevariant_controller.go:713.63,715.3 1 0
github.com/GoogleContainerTools/kpt/porch/controllers/packagevariants/pkg/controllers/packagevariant/packagevariant_controller.go:717.2,725.14 2 0
github.com/GoogleContainerTools/kpt/porch/controllers/packagevariants/pkg/controllers/packagevariant/packagevariant_controller.go:728.96,733.16 3 0
github.com/GoogleContainerTools/kpt/porch/controllers/packagevariants/pkg/controllers/packagevariant/packagevariant_controller.go:733.16,735.3 1 0
github.com/GoogleContainerTools/kpt/porch/controllers/packagevariants/pkg/controllers/packagevariant/packagevariant_controller.go:736.2,737.53 2 0
github.com/GoogleContainerTools/kpt/porch/controllers/packagevariants/pkg/controllers/packagevariant/packagevariant_controller.go:737.53,744.3 1 0
github.com/GoogleContainerTools/kpt/porch/controllers/packagevariants/pkg/controllers/packagevariant/packagevariant_controller.go:745.2,745.17 1 0
github.com/GoogleContainerTools/kpt/porch/controllers/packagevariants/pkg/controllers/packagevariant/packagevariant_controller.go:750.85,755.56 3 0
github.com/GoogleContainerTools/kpt/porch/controllers/packagevariants/pkg/controllers/packagevariant/packagevariant_controller.go:755.56,757.3 1 0
github.com/GoogleContainerTools/kpt/porch/controllers/packagevariants/pkg/controllers/packagevariant/packagevariant_controller.go:760.2,760.31 1 0
github.com/GoogleContainerTools/kpt/porch/controllers/packagevariants/pkg/controllers/packagevariant/packagevariant_controller.go:760.31,762.3 1 0
github.com/GoogleContainerTools/kpt/porch/controllers/packagevariants/pkg/controllers/packagevariant/packagevariant_controller.go:765.2,766.16 2 0
github.com/GoogleContainerTools/kpt/porch/controllers/packagevariants/pkg/controllers/packagevariant/packagevariant_controller.go:766.16,768.3 1 0
github.com/GoogleContainerTools/kpt/porch/controllers/packagevariants/pkg/controllers/packagevariant/packagevariant_controller.go:771.2,771.55 1 0
github.com/GoogleContainerTools/kpt/porch/controllers/packagevariants/pkg/controllers/packagevariant/packagevariant_controller.go:771.55,773.3 1 0
github.com/GoogleContainerTools/kpt/porch/controllers/packagevariants/pkg/controllers/packagevariant/packagevariant_controller.go:775.2,775.71 1 0
github.com/GoogleContainerTools/kpt/porch/controllers/packagevariants/pkg/controllers/packagevariant/packagevariant_controller.go:775.71,777.3 1 0
github.com/GoogleContainerTools/kpt/porch/controllers/packagevariants/pkg/controllers/packagevariant/packagevariant_controller.go:779.2,780.16 2 0
github.com/GoogleContainerTools/kpt/porch/controllers/packagevariants/pkg/controllers/packagevariant/packagevariant_controller.go:780.16,782.3 1 0
github.com/GoogleContainerTools/kpt/porch/controllers/packagevariants/pkg/controllers/packagevariant/packagevariant_controller.go:784.2,784.43 1 0
github.com/GoogleContainerTools/kpt/porch/controllers/packagevariants/pkg/controllers/packagevariant/packagevariant_controller.go:788.48,790.35 1 1
github.com/GoogleContainerTools/kpt/porch/controllers/packagevariants/pkg/controllers/packagevariant/packagevariant_controller.go:790.35,792.3 1 1
github.com/GoogleContainerTools/kpt/porch/controllers/packagevariants/pkg/controllers/packagevariant/packagevariant_controller.go:794.2,794.90 1 1
github.com/GoogleContainerTools/kpt/porch/controllers/packagevariants/pkg/controllers/packagevariant/packagevariant_controller.go:794.90,796.3 1 0
github.com/GoogleContainerTools/kpt/porch/controllers/packagevariants/pkg/controllers/packagevariant/packagevariant_controller.go:798.2,799.16 2 1
github.com/GoogleContainerTools/kpt/porch/controllers/packagevariants/pkg/controllers/packagevariant/packagevariant_controller.go:799.16,801.3 1 0
github.com/GoogleContainerTools/kpt/porch/controllers/packagevariants/pkg/controllers/packagevariant/packagevariant_controller.go:804.2,805.16 2 1
github.com/GoogleContainerTools/kpt/porch/controllers/packagevariants/pkg/controllers/packagevariant/packagevariant_controller.go:805.16,807.3 1 0
github.com/GoogleContainerTools/kpt/porch/controllers/packagevariants/pkg/controllers/packagevariant/packagevariant_controller.go:809.2,809.9 1 1
github.com/GoogleContainerTools/kpt/porch/controllers/packagevariants/pkg/controllers/packagevariant/packagevariant_controller.go:809.9,811.3 1 0
github.com/GoogleContainerTools/kpt/porch/controllers/packagevariants/pkg/controllers/packagevariant/packagevariant_controller.go:814.2,814.48 1 1
github.com/GoogleContainerTools/kpt/porch/controllers/packagevariants/pkg/controllers/packagevariant/packagevariant_controller.go:814.48,816.3 1 1
github.com/GoogleContainerTools/kpt/porch/controllers/packagevariants/pkg/controllers/packagevariant/packagevariant_controller.go:819.2,819.54 1 1
github.com/GoogleContainerTools/kpt/porch/controllers/packagevariants/pkg/controllers/packagevariant/packagevariant_controller.go:819.54,821.3 1 1
github.com/GoogleContainerTools/kpt/porch/controllers/packagevariants/pkg/controllers/packagevariant/packagevariant_controller.go:823.2,824.16 2 1
github.com/GoogleContainerTools/kpt/porch/controllers/packagevariants/pkg/controllers/packagevariant/packagevariant_controller.go:824.16,826.3 1 0
github.com/GoogleContainerTools/kpt/porch/controllers/packagevariants/pkg/controllers/packagevariant/packagevariant_controller.go:827.2,828.12 2 1
github.com/GoogleContainerTools/kpt/porch/controllers/packagevariants/pkg/controllers/packagevariant/packagevariant_controller.go:831.113,832.31 1 1
github.com/GoogleContainerTools/kpt/porch/controllers/packagevariants/pkg/controllers/packagevariant/packagevariant_controller.go:832.31,834.3 1 0
github.com/GoogleContainerTools/kpt/porch/controllers/packagevariants/pkg/controllers/packagevariant/packagevariant_controller.go:836.2,836.44 1 1
github.com/GoogleContainerTools/kpt/porch/controllers/packagevariants/pkg/controllers/packagevariant/packagevariant_controller.go:836.44,838.3 1 0
github.com/GoogleContainerTools/kpt/porch/controllers/packagevariants/pkg/controllers/packagevariant/packagevariant_controller.go:840.2,841.16 2 1
github.com/GoogleContainerTools/kpt/porch/controllers/packagevariants/pkg/controllers/packagevariant/packagevariant_controller.go:841.16,843.3 1 0
github.com/GoogleContainerTools/kpt/porch/controllers/packagevariants/pkg/controllers/packagevariant/packagevariant_controller.go:844.2,844.40 1 1
github.com/GoogleContainerTools/kpt/porch/controllers/packagevariants/pkg/controllers/packagevariant/packagevariant_controller.go:844.40,846.3 1 0
github.com/GoogleContainerTools/kpt/porch/controllers/packagevariants/pkg/controllers/packagevariant/packagevariant_controller.go:847.2,847.40 1 1
github.com/GoogleContainerTools/kpt/porch/controllers/packagevariants/pkg/controllers/packagevariant/packagevariant_controller.go:847.40,849.3 1 0
github.com/GoogleContainerTools/kpt/porch/controllers/packagevariants/pkg/controllers/packagevariant/packagevariant_controller.go:851.2,851.16 1 1
github.com/GoogleContainerTools/kpt/porch/controllers/packagevariants/pkg/controllers/packagevariant/packagevariant_controller.go:854.95,856.16 2 0
github.com/GoogleContainerTools/kpt/porch/controllers/packagevariants/pkg/controllers/packagevariant/packagevariant_controller.go:856.16,858.3 1 0
github.com/GoogleContainerTools/kpt/porch/controllers/packagevariants/pkg/controllers/packagevariant/packagevariant_controller.go:859.2,860.41 2 0
