mode: set
github.com/GoogleContainerTools/kpt/porch/controllers/packagevariantsets/pkg/controllers/packagevariantset/fake_client.go:34.99,37.2 2 1
github.com/GoogleContainerTools/kpt/porch/controllers/packagevariantsets/pkg/controllers/packagevariantset/fake_client.go:39.99,41.32 2 1
github.com/GoogleContainerTools/kpt/porch/controllers/packagevariantsets/pkg/controllers/packagevariantset/fake_client.go:41.32,42.37 1 1
github.com/GoogleContainerTools/kpt/porch/controllers/packagevariantsets/pkg/controllers/packagevariantset/fake_client.go:42.37,44.4 1 1
github.com/GoogleContainerTools/kpt/porch/controllers/packagevariantsets/pkg/controllers/packagevariantset/fake_client.go:46.2,47.12 2 1
github.com/GoogleContainerTools/kpt/porch/controllers/packagevariantsets/pkg/controllers/packagevariantset/fake_client.go:50.99,102.25 4 1
github.com/GoogleContainerTools/kpt/porch/controllers/packagevariantsets/pkg/controllers/packagevariantset/fake_client.go:103.38,105.29 2 0
github.com/GoogleContainerTools/kpt/porch/controllers/packagevariantsets/pkg/controllers/packagevariantset/fake_client.go:105.29,107.4 1 0
github.com/GoogleContainerTools/kpt/porch/controllers/packagevariantsets/pkg/controllers/packagevariantset/fake_client.go:108.37,110.29 2 1
github.com/GoogleContainerTools/kpt/porch/controllers/packagevariantsets/pkg/controllers/packagevariantset/fake_client.go:110.29,112.4 1 1
github.com/GoogleContainerTools/kpt/porch/controllers/packagevariantsets/pkg/controllers/packagevariantset/fake_client.go:113.10,114.40 1 0
github.com/GoogleContainerTools/kpt/porch/controllers/packagevariantsets/pkg/controllers/packagevariantset/fake_client.go:116.2,116.12 1 1
github.com/GoogleContainerTools/kpt/porch/controllers/packagevariantsets/pkg/controllers/packagevariantset/packagevariantset_controller.go:50.57,50.58 0 0
github.com/GoogleContainerTools/kpt/porch/controllers/packagevariantsets/pkg/controllers/packagevariantset/packagevariantset_controller.go:51.57,51.58 0 0
github.com/GoogleContainerTools/kpt/porch/controllers/packagevariantsets/pkg/controllers/packagevariantset/packagevariantset_controller.go:76.109,78.16 2 0
github.com/GoogleContainerTools/kpt/porch/controllers/packagevariantsets/pkg/controllers/packagevariantset/packagevariantset_controller.go:78.16,80.3 1 0
github.com/GoogleContainerTools/kpt/porch/controllers/packagevariantsets/pkg/controllers/packagevariantset/packagevariantset_controller.go:81.2,81.16 1 0
github.com/GoogleContainerTools/kpt/porch/controllers/packagevariantsets/pkg/controllers/packagevariantset/packagevariantset_controller.go:81.16,84.3 1 0
github.com/GoogleContainerTools/kpt/porch/controllers/packagevariantsets/pkg/controllers/packagevariantset/packagevariantset_controller.go:86.2,86.15 1 0
github.com/GoogleContainerTools/kpt/porch/controllers/packagevariantsets/pkg/controllers/packagevariantset/packagevariantset_controller.go:86.15,87.60 1 0
github.com/GoogleContainerTools/kpt/porch/controllers/packagevariantsets/pkg/controllers/packagevariantset/packagevariantset_controller.go:87.60,89.4 1 0
github.com/GoogleContainerTools/kpt/porch/controllers/packagevariantsets/pkg/controllers/packagevariantset/packagevariantset_controller.go:92.2,92.59 1 0
github.com/GoogleContainerTools/kpt/porch/controllers/packagevariantsets/pkg/controllers/packagevariantset/packagevariantset_controller.go:92.59,95.3 2 0
github.com/GoogleContainerTools/kpt/porch/controllers/packagevariantsets/pkg/controllers/packagevariantset/packagevariantset_controller.go:97.2,98.16 2 0
github.com/GoogleContainerTools/kpt/porch/controllers/packagevariantsets/pkg/controllers/packagevariantset/packagevariantset_controller.go:98.16,103.3 2 0
github.com/GoogleContainerTools/kpt/porch/controllers/packagevariantsets/pkg/controllers/packagevariantset/packagevariantset_controller.go:105.2,106.16 2 0
github.com/GoogleContainerTools/kpt/porch/controllers/packagevariantsets/pkg/controllers/packagevariantset/packagevariantset_controller.go:106.16,107.31 1 0
github.com/GoogleContainerTools/kpt/porch/controllers/packagevariantsets/pkg/controllers/packagevariantset/packagevariantset_controller.go:107.31,110.4 2 0
github.com/GoogleContainerTools/kpt/porch/controllers/packagevariantsets/pkg/controllers/packagevariantset/packagevariantset_controller.go:111.3,111.28 1 0
github.com/GoogleContainerTools/kpt/porch/controllers/packagevariantsets/pkg/controllers/packagevariantset/packagevariantset_controller.go:114.2,122.16 3 0
github.com/GoogleContainerTools/kpt/porch/controllers/packagevariantsets/pkg/controllers/packagevariantset/packagevariantset_controller.go:122.16,124.3 1 0
github.com/GoogleContainerTools/kpt/porch/controllers/packagevariantsets/pkg/controllers/packagevariantset/packagevariantset_controller.go:126.2,133.27 2 0
github.com/GoogleContainerTools/kpt/porch/controllers/packagevariantsets/pkg/controllers/packagevariantset/packagevariantset_controller.go:137.67,139.68 2 0
github.com/GoogleContainerTools/kpt/porch/controllers/packagevariantsets/pkg/controllers/packagevariantset/packagevariantset_controller.go:139.68,141.3 1 0
github.com/GoogleContainerTools/kpt/porch/controllers/packagevariantsets/pkg/controllers/packagevariantset/packagevariantset_controller.go:143.2,144.87 2 0
github.com/GoogleContainerTools/kpt/porch/controllers/packagevariantsets/pkg/controllers/packagevariantset/packagevariantset_controller.go:144.87,146.3 1 0
github.com/GoogleContainerTools/kpt/porch/controllers/packagevariantsets/pkg/controllers/packagevariantset/packagevariantset_controller.go:148.2,149.89 2 0
github.com/GoogleContainerTools/kpt/porch/controllers/packagevariantsets/pkg/controllers/packagevariantset/packagevariantset_controller.go:149.89,151.3 1 0
github.com/GoogleContainerTools/kpt/porch/controllers/packagevariantsets/pkg/controllers/packagevariantset/packagevariantset_controller.go:153.2,153.38 1 0
github.com/GoogleContainerTools/kpt/porch/controllers/packagevariantsets/pkg/controllers/packagevariantset/packagevariantset_controller.go:157.75,159.34 1 0
github.com/GoogleContainerTools/kpt/porch/controllers/packagevariantsets/pkg/controllers/packagevariantset/packagevariantset_controller.go:159.34,162.42 1 0
github.com/GoogleContainerTools/kpt/porch/controllers/packagevariantsets/pkg/controllers/packagevariantset/packagevariantset_controller.go:162.42,164.4 1 0
github.com/GoogleContainerTools/kpt/porch/controllers/packagevariantsets/pkg/controllers/packagevariantset/packagevariantset_controller.go:166.2,167.54 1 0
github.com/GoogleContainerTools/kpt/porch/controllers/packagevariantsets/pkg/controllers/packagevariantset/packagevariantset_controller.go:178.51,183.42 3 0
github.com/GoogleContainerTools/kpt/porch/controllers/packagevariantsets/pkg/controllers/packagevariantset/packagevariantset_controller.go:183.42,184.35 1 0
github.com/GoogleContainerTools/kpt/porch/controllers/packagevariantsets/pkg/controllers/packagevariantset/packagevariantset_controller.go:184.35,185.43 1 0
github.com/GoogleContainerTools/kpt/porch/controllers/packagevariantsets/pkg/controllers/packagevariantset/packagevariantset_controller.go:185.43,187.33 2 0
github.com/GoogleContainerTools/kpt/porch/controllers/packagevariantsets/pkg/controllers/packagevariantset/packagevariantset_controller.go:187.33,189.6 1 0
github.com/GoogleContainerTools/kpt/porch/controllers/packagevariantsets/pkg/controllers/packagevariantset/packagevariantset_controller.go:191.5,191.28 1 0
github.com/GoogleContainerTools/kpt/porch/controllers/packagevariantsets/pkg/controllers/packagevariantset/packagevariantset_controller.go:191.28,197.6 1 0
github.com/GoogleContainerTools/kpt/porch/controllers/packagevariantsets/pkg/controllers/packagevariantset/packagevariantset_controller.go:199.4,199.12 1 0
github.com/GoogleContainerTools/kpt/porch/controllers/packagevariantsets/pkg/controllers/packagevariantset/packagevariantset_controller.go:202.3,203.39 2 0
github.com/GoogleContainerTools/kpt/porch/controllers/packagevariantsets/pkg/controllers/packagevariantset/packagevariantset_controller.go:203.39,212.4 1 0
github.com/GoogleContainerTools/kpt/porch/controllers/packagevariantsets/pkg/controllers/packagevariantset/packagevariantset_controller.go:214.3,224.17 6 0
github.com/GoogleContainerTools/kpt/porch/controllers/packagevariantsets/pkg/controllers/packagevariantset/packagevariantset_controller.go:224.17,226.4 1 0
github.com/GoogleContainerTools/kpt/porch/controllers/packagevariantsets/pkg/controllers/packagevariantset/packagevariantset_controller.go:227.3,229.60 2 0
github.com/GoogleContainerTools/kpt/porch/controllers/packagevariantsets/pkg/controllers/packagevariantset/packagevariantset_controller.go:229.60,231.4 1 0
github.com/GoogleContainerTools/kpt/porch/controllers/packagevariantsets/pkg/controllers/packagevariantset/packagevariantset_controller.go:234.3,234.28 1 0
github.com/GoogleContainerTools/kpt/porch/controllers/packagevariantsets/pkg/controllers/packagevariantset/packagevariantset_controller.go:234.28,236.4 1 0
github.com/GoogleContainerTools/kpt/porch/controllers/packagevariantsets/pkg/controllers/packagevariantset/packagevariantset_controller.go:237.3,237.33 1 0
github.com/GoogleContainerTools/kpt/porch/controllers/packagevariantsets/pkg/controllers/packagevariantset/packagevariantset_controller.go:237.33,245.4 1 0
github.com/GoogleContainerTools/kpt/porch/controllers/packagevariantsets/pkg/controllers/packagevariantset/packagevariantset_controller.go:247.2,247.20 1 0
github.com/GoogleContainerTools/kpt/porch/controllers/packagevariantsets/pkg/controllers/packagevariantset/packagevariantset_controller.go:250.101,252.58 2 1
github.com/GoogleContainerTools/kpt/porch/controllers/packagevariantsets/pkg/controllers/packagevariantset/packagevariantset_controller.go:252.58,254.3 1 0
github.com/GoogleContainerTools/kpt/porch/controllers/packagevariantsets/pkg/controllers/packagevariantset/packagevariantset_controller.go:255.2,255.36 1 1
github.com/GoogleContainerTools/kpt/porch/controllers/packagevariantsets/pkg/controllers/packagevariantset/packagevariantset_controller.go:260.33,267.18 2 1
github.com/GoogleContainerTools/kpt/porch/controllers/packagevariantsets/pkg/controllers/packagevariantset/packagevariantset_controller.go:267.18,269.3 1 0
github.com/GoogleContainerTools/kpt/porch/controllers/packagevariantsets/pkg/controllers/packagevariantset/packagevariantset_controller.go:272.2,276.34 3 1
github.com/GoogleContainerTools/kpt/porch/controllers/packagevariantsets/pkg/controllers/packagevariantset/packagevariantset_controller.go:276.34,278.17 2 1
github.com/GoogleContainerTools/kpt/porch/controllers/packagevariantsets/pkg/controllers/packagevariantset/packagevariantset_controller.go:278.17,280.4 1 0
github.com/GoogleContainerTools/kpt/porch/controllers/packagevariantsets/pkg/controllers/packagevariantset/packagevariantset_controller.go:281.3,281.40 1 1
github.com/GoogleContainerTools/kpt/porch/controllers/packagevariantsets/pkg/controllers/packagevariantset/packagevariantset_controller.go:284.2,285.41 2 1
github.com/GoogleContainerTools/kpt/porch/controllers/packagevariantsets/pkg/controllers/packagevariantset/packagevariantset_controller.go:285.41,287.17 2 1
github.com/GoogleContainerTools/kpt/porch/controllers/packagevariantsets/pkg/controllers/packagevariantset/packagevariantset_controller.go:287.17,289.4 1 0
github.com/GoogleContainerTools/kpt/porch/controllers/packagevariantsets/pkg/controllers/packagevariantset/packagevariantset_controller.go:290.3,291.17 2 1
github.com/GoogleContainerTools/kpt/porch/controllers/packagevariantsets/pkg/controllers/packagevariantset/packagevariantset_controller.go:291.17,293.4 1 0
github.com/GoogleContainerTools/kpt/porch/controllers/packagevariantsets/pkg/controllers/packagevariantset/packagevariantset_controller.go:294.3,315.39 2 1
github.com/GoogleContainerTools/kpt/porch/controllers/packagevariantsets/pkg/controllers/packagevariantset/packagevariantset_controller.go:318.2,318.68 1 1
github.com/GoogleContainerTools/kpt/porch/controllers/packagevariantsets/pkg/controllers/packagevariantset/packagevariantset_controller.go:318.68,319.66 1 1
github.com/GoogleContainerTools/kpt/porch/controllers/packagevariantsets/pkg/controllers/packagevariantset/packagevariantset_controller.go:319.67,322.4 0 1
github.com/GoogleContainerTools/kpt/porch/controllers/packagevariantsets/pkg/controllers/packagevariantset/packagevariantset_controller.go:322.9,326.18 2 1
github.com/GoogleContainerTools/kpt/porch/controllers/packagevariantsets/pkg/controllers/packagevariantset/packagevariantset_controller.go:326.18,328.5 1 0
github.com/GoogleContainerTools/kpt/porch/controllers/packagevariantsets/pkg/controllers/packagevariantset/packagevariantset_controller.go:332.2,332.65 1 1
github.com/GoogleContainerTools/kpt/porch/controllers/packagevariantsets/pkg/controllers/packagevariantset/packagevariantset_controller.go:332.65,333.66 1 1
github.com/GoogleContainerTools/kpt/porch/controllers/packagevariantsets/pkg/controllers/packagevariantset/packagevariantset_controller.go:333.67,336.4 0 1
github.com/GoogleContainerTools/kpt/porch/controllers/packagevariantsets/pkg/controllers/packagevariantset/packagevariantset_controller.go:336.9,340.18 2 1
github.com/GoogleContainerTools/kpt/porch/controllers/packagevariantsets/pkg/controllers/packagevariantset/packagevariantset_controller.go:340.18,342.5 1 0
github.com/GoogleContainerTools/kpt/porch/controllers/packagevariantsets/pkg/controllers/packagevariantset/packagevariantset_controller.go:346.2,346.12 1 1
github.com/GoogleContainerTools/kpt/porch/controllers/packagevariantsets/pkg/controllers/packagevariantset/packagevariantset_controller.go:349.85,351.16 2 1
github.com/GoogleContainerTools/kpt/porch/controllers/packagevariantsets/pkg/controllers/packagevariantset/packagevariantset_controller.go:351.16,353.3 1 0
github.com/GoogleContainerTools/kpt/porch/controllers/packagevariantsets/pkg/controllers/packagevariantset/packagevariantset_controller.go:354.2,355.41 2 1
github.com/GoogleContainerTools/kpt/porch/controllers/packagevariantsets/pkg/controllers/packagevariantset/packagevariantset_controller.go:359.80,360.57 1 0
github.com/GoogleContainerTools/kpt/porch/controllers/packagevariantsets/pkg/controllers/packagevariantset/packagevariantset_controller.go:360.57,362.3 1 0
github.com/GoogleContainerTools/kpt/porch/controllers/packagevariantsets/pkg/controllers/packagevariantset/packagevariantset_controller.go:363.2,363.62 1 0
github.com/GoogleContainerTools/kpt/porch/controllers/packagevariantsets/pkg/controllers/packagevariantset/packagevariantset_controller.go:363.62,365.3 1 0
github.com/GoogleContainerTools/kpt/porch/controllers/packagevariantsets/pkg/controllers/packagevariantset/packagevariantset_controller.go:366.2,366.63 1 0
github.com/GoogleContainerTools/kpt/porch/controllers/packagevariantsets/pkg/controllers/packagevariantset/packagevariantset_controller.go:366.63,368.3 1 0
github.com/GoogleContainerTools/kpt/porch/controllers/packagevariantsets/pkg/controllers/packagevariantset/packagevariantset_controller.go:369.2,369.63 1 0
github.com/GoogleContainerTools/kpt/porch/controllers/packagevariantsets/pkg/controllers/packagevariantset/packagevariantset_controller.go:369.63,371.3 1 0
github.com/GoogleContainerTools/kpt/porch/controllers/packagevariantsets/pkg/controllers/packagevariantset/packagevariantset_controller.go:372.2,372.60 1 0
github.com/GoogleContainerTools/kpt/porch/controllers/packagevariantsets/pkg/controllers/packagevariantset/packagevariantset_controller.go:372.60,374.3 1 0
github.com/GoogleContainerTools/kpt/porch/controllers/packagevariantsets/pkg/controllers/packagevariantset/packagevariantset_controller.go:376.2,385.14 3 0
github.com/GoogleContainerTools/kpt/porch/controllers/packagevariantsets/pkg/controllers/packagevariantset/packagevariantset_controller.go:388.99,393.16 3 0
github.com/GoogleContainerTools/kpt/porch/controllers/packagevariantsets/pkg/controllers/packagevariantset/packagevariantset_controller.go:393.16,395.3 1 0
github.com/GoogleContainerTools/kpt/porch/controllers/packagevariantsets/pkg/controllers/packagevariantset/packagevariantset_controller.go:396.2,397.53 2 0
github.com/GoogleContainerTools/kpt/porch/controllers/packagevariantsets/pkg/controllers/packagevariantset/packagevariantset_controller.go:397.53,404.3 1 0
github.com/GoogleContainerTools/kpt/porch/controllers/packagevariantsets/pkg/controllers/packagevariantset/packagevariantset_controller.go:405.2,405.17 1 0
github.com/GoogleContainerTools/kpt/porch/controllers/packagevariantsets/pkg/controllers/packagevariantset/packagevariantset_controller.go:408.85,421.2 2 0
github.com/GoogleContainerTools/kpt/porch/controllers/packagevariantsets/pkg/controllers/packagevariantset/render.go:47.101,58.16 3 1
github.com/GoogleContainerTools/kpt/porch/controllers/packagevariantsets/pkg/controllers/packagevariantset/render.go:58.16,60.3 1 1
github.com/GoogleContainerTools/kpt/porch/controllers/packagevariantsets/pkg/controllers/packagevariantset/render.go:62.2,63.16 2 1
github.com/GoogleContainerTools/kpt/porch/controllers/packagevariantsets/pkg/controllers/packagevariantset/render.go:63.16,65.3 1 0
github.com/GoogleContainerTools/kpt/porch/controllers/packagevariantsets/pkg/controllers/packagevariantset/render.go:67.2,69.27 2 1
github.com/GoogleContainerTools/kpt/porch/controllers/packagevariantsets/pkg/controllers/packagevariantset/render.go:69.27,70.63 1 1
github.com/GoogleContainerTools/kpt/porch/controllers/packagevariantsets/pkg/controllers/packagevariantset/render.go:70.63,72.4 1 1
github.com/GoogleContainerTools/kpt/porch/controllers/packagevariantsets/pkg/controllers/packagevariantset/render.go:74.3,74.71 1 1
github.com/GoogleContainerTools/kpt/porch/controllers/packagevariantsets/pkg/controllers/packagevariantset/render.go:74.71,76.18 2 1
github.com/GoogleContainerTools/kpt/porch/controllers/packagevariantsets/pkg/controllers/packagevariantset/render.go:76.18,78.5 1 0
github.com/GoogleContainerTools/kpt/porch/controllers/packagevariantsets/pkg/controllers/packagevariantset/render.go:81.3,81.30 1 1
github.com/GoogleContainerTools/kpt/porch/controllers/packagevariantsets/pkg/controllers/packagevariantset/render.go:84.2,84.35 1 1
github.com/GoogleContainerTools/kpt/porch/controllers/packagevariantsets/pkg/controllers/packagevariantset/render.go:84.35,85.21 1 1
github.com/GoogleContainerTools/kpt/porch/controllers/packagevariantsets/pkg/controllers/packagevariantset/render.go:85.21,87.18 2 1
github.com/GoogleContainerTools/kpt/porch/controllers/packagevariantsets/pkg/controllers/packagevariantset/render.go:87.18,89.5 1 0
github.com/GoogleContainerTools/kpt/porch/controllers/packagevariantsets/pkg/controllers/packagevariantset/render.go:90.4,91.9 2 1
github.com/GoogleContainerTools/kpt/porch/controllers/packagevariantsets/pkg/controllers/packagevariantset/render.go:95.2,95.45 1 1
github.com/GoogleContainerTools/kpt/porch/controllers/packagevariantsets/pkg/controllers/packagevariantset/render.go:95.45,97.3 1 0
github.com/GoogleContainerTools/kpt/porch/controllers/packagevariantsets/pkg/controllers/packagevariantset/render.go:99.2,99.27 1 1
github.com/GoogleContainerTools/kpt/porch/controllers/packagevariantsets/pkg/controllers/packagevariantset/render.go:99.27,100.69 1 1
github.com/GoogleContainerTools/kpt/porch/controllers/packagevariantsets/pkg/controllers/packagevariantset/render.go:100.69,102.4 1 1
github.com/GoogleContainerTools/kpt/porch/controllers/packagevariantsets/pkg/controllers/packagevariantset/render.go:104.3,104.77 1 1
github.com/GoogleContainerTools/kpt/porch/controllers/packagevariantsets/pkg/controllers/packagevariantset/render.go:104.77,106.18 2 1
github.com/GoogleContainerTools/kpt/porch/controllers/packagevariantsets/pkg/controllers/packagevariantset/render.go:106.18,108.5 1 0
github.com/GoogleContainerTools/kpt/porch/controllers/packagevariantsets/pkg/controllers/packagevariantset/render.go:112.2,112.31 1 1
github.com/GoogleContainerTools/kpt/porch/controllers/packagevariantsets/pkg/controllers/packagevariantset/render.go:112.31,114.3 1 1
github.com/GoogleContainerTools/kpt/porch/controllers/packagevariantsets/pkg/controllers/packagevariantset/render.go:116.2,116.31 1 1
github.com/GoogleContainerTools/kpt/porch/controllers/packagevariantsets/pkg/controllers/packagevariantset/render.go:116.31,118.3 1 1
github.com/GoogleContainerTools/kpt/porch/controllers/packagevariantsets/pkg/controllers/packagevariantset/render.go:119.2,120.16 2 1
github.com/GoogleContainerTools/kpt/porch/controllers/packagevariantsets/pkg/controllers/packagevariantset/render.go:120.16,122.3 1 0
github.com/GoogleContainerTools/kpt/porch/controllers/packagevariantsets/pkg/controllers/packagevariantset/render.go:124.2,125.16 2 1
github.com/GoogleContainerTools/kpt/porch/controllers/packagevariantsets/pkg/controllers/packagevariantset/render.go:125.16,127.3 1 0
github.com/GoogleContainerTools/kpt/porch/controllers/packagevariantsets/pkg/controllers/packagevariantset/render.go:129.2,129.31 1 1
github.com/GoogleContainerTools/kpt/porch/controllers/packagevariantsets/pkg/controllers/packagevariantset/render.go:129.31,131.17 2 1
github.com/GoogleContainerTools/kpt/porch/controllers/packagevariantsets/pkg/controllers/packagevariantset/render.go:131.17,133.4 1 0
github.com/GoogleContainerTools/kpt/porch/controllers/packagevariantsets/pkg/controllers/packagevariantset/render.go:135.3,137.17 2 1
github.com/GoogleContainerTools/kpt/porch/controllers/packagevariantsets/pkg/controllers/packagevariantset/render.go:137.17,139.4 1 0
github.com/GoogleContainerTools/kpt/porch/controllers/packagevariantsets/pkg/controllers/packagevariantset/render.go:140.3,143.4 1 1
github.com/GoogleContainerTools/kpt/porch/controllers/packagevariantsets/pkg/controllers/packagevariantset/render.go:145.2,145.18 1 1
github.com/GoogleContainerTools/kpt/porch/controllers/packagevariantsets/pkg/controllers/packagevariantset/render.go:148.114,154.16 5 1
github.com/GoogleContainerTools/kpt/porch/controllers/packagevariantsets/pkg/controllers/packagevariantset/render.go:154.16,156.3 1 0
github.com/GoogleContainerTools/kpt/porch/controllers/packagevariantsets/pkg/controllers/packagevariantset/render.go:157.2,159.30 2 1
github.com/GoogleContainerTools/kpt/porch/controllers/packagevariantsets/pkg/controllers/packagevariantset/render.go:159.30,161.17 2 0
github.com/GoogleContainerTools/kpt/porch/controllers/packagevariantsets/pkg/controllers/packagevariantset/render.go:161.17,163.4 1 0
github.com/GoogleContainerTools/kpt/porch/controllers/packagevariantsets/pkg/controllers/packagevariantset/render.go:164.3,164.38 1 0
github.com/GoogleContainerTools/kpt/porch/controllers/packagevariantsets/pkg/controllers/packagevariantset/render.go:165.8,170.3 1 1
github.com/GoogleContainerTools/kpt/porch/controllers/packagevariantsets/pkg/controllers/packagevariantset/render.go:172.2,172.20 1 1
github.com/GoogleContainerTools/kpt/porch/controllers/packagevariantsets/pkg/controllers/packagevariantset/render.go:175.69,180.16 3 1
github.com/GoogleContainerTools/kpt/porch/controllers/packagevariantsets/pkg/controllers/packagevariantset/render.go:180.16,182.3 1 0
github.com/GoogleContainerTools/kpt/porch/controllers/packagevariantsets/pkg/controllers/packagevariantset/render.go:184.2,193.20 6 1
github.com/GoogleContainerTools/kpt/porch/controllers/packagevariantsets/pkg/controllers/packagevariantset/render.go:196.153,198.26 2 1
github.com/GoogleContainerTools/kpt/porch/controllers/packagevariantsets/pkg/controllers/packagevariantset/render.go:198.26,200.3 1 1
github.com/GoogleContainerTools/kpt/porch/controllers/packagevariantsets/pkg/controllers/packagevariantset/render.go:202.2,203.30 2 1
github.com/GoogleContainerTools/kpt/porch/controllers/packagevariantsets/pkg/controllers/packagevariantset/render.go:203.30,205.20 2 1
github.com/GoogleContainerTools/kpt/porch/controllers/packagevariantsets/pkg/controllers/packagevariantset/render.go:205.20,207.4 1 1
github.com/GoogleContainerTools/kpt/porch/controllers/packagevariantsets/pkg/controllers/packagevariantset/render.go:208.3,208.24 1 1
github.com/GoogleContainerTools/kpt/porch/controllers/packagevariantsets/pkg/controllers/packagevariantset/render.go:208.24,210.18 2 1
github.com/GoogleContainerTools/kpt/porch/controllers/packagevariantsets/pkg/controllers/packagevariantset/render.go:210.18,212.5 1 0
github.com/GoogleContainerTools/kpt/porch/controllers/packagevariantsets/pkg/controllers/packagevariantset/render.go:214.3,214.22 1 1
github.com/GoogleContainerTools/kpt/porch/controllers/packagevariantsets/pkg/controllers/packagevariantset/render.go:214.22,216.4 1 1
github.com/GoogleContainerTools/kpt/porch/controllers/packagevariantsets/pkg/controllers/packagevariantset/render.go:217.3,217.26 1 1
github.com/GoogleContainerTools/kpt/porch/controllers/packagevariantsets/pkg/controllers/packagevariantset/render.go:217.26,219.18 2 1
github.com/GoogleContainerTools/kpt/porch/controllers/packagevariantsets/pkg/controllers/packagevariantset/render.go:219.18,221.5 1 0
github.com/GoogleContainerTools/kpt/porch/controllers/packagevariantsets/pkg/controllers/packagevariantset/render.go:223.3,223.16 1 1
github.com/GoogleContainerTools/kpt/porch/controllers/packagevariantsets/pkg/controllers/packagevariantset/render.go:226.2,226.22 1 1
github.com/GoogleContainerTools/kpt/porch/controllers/packagevariantsets/pkg/controllers/packagevariantset/render.go:226.22,228.3 1 1
github.com/GoogleContainerTools/kpt/porch/controllers/packagevariantsets/pkg/controllers/packagevariantset/render.go:230.2,230.20 1 1
github.com/GoogleContainerTools/kpt/porch/controllers/packagevariantsets/pkg/controllers/packagevariantset/render.go:233.119,236.23 2 1
github.com/GoogleContainerTools/kpt/porch/controllers/packagevariantsets/pkg/controllers/packagevariantset/render.go:236.23,238.3 1 1
github.com/GoogleContainerTools/kpt/porch/controllers/packagevariantsets/pkg/controllers/packagevariantset/render.go:239.2,239.26 1 1
github.com/GoogleContainerTools/kpt/porch/controllers/packagevariantsets/pkg/controllers/packagevariantset/render.go:239.26,241.17 2 1
github.com/GoogleContainerTools/kpt/porch/controllers/packagevariantsets/pkg/controllers/packagevariantset/render.go:241.17,243.4 1 0
github.com/GoogleContainerTools/kpt/porch/controllers/packagevariantsets/pkg/controllers/packagevariantset/render.go:244.3,244.19 1 1
github.com/GoogleContainerTools/kpt/porch/controllers/packagevariantsets/pkg/controllers/packagevariantset/render.go:247.2,247.22 1 1
github.com/GoogleContainerTools/kpt/porch/controllers/packagevariantsets/pkg/controllers/packagevariantset/render.go:247.22,249.3 1 0
github.com/GoogleContainerTools/kpt/porch/controllers/packagevariantsets/pkg/controllers/packagevariantset/render.go:251.2,252.24 2 1
github.com/GoogleContainerTools/kpt/porch/controllers/packagevariantsets/pkg/controllers/packagevariantset/render.go:252.24,254.3 1 1
github.com/GoogleContainerTools/kpt/porch/controllers/packagevariantsets/pkg/controllers/packagevariantset/render.go:255.2,256.17 2 1
github.com/GoogleContainerTools/kpt/porch/controllers/packagevariantsets/pkg/controllers/packagevariantset/render.go:259.75,261.16 2 1
github.com/GoogleContainerTools/kpt/porch/controllers/packagevariantsets/pkg/controllers/packagevariantset/render.go:261.16,263.3 1 1
github.com/GoogleContainerTools/kpt/porch/controllers/packagevariantsets/pkg/controllers/packagevariantset/render.go:265.2,266.16 2 1
github.com/GoogleContainerTools/kpt/porch/controllers/packagevariantsets/pkg/controllers/packagevariantset/render.go:266.16,268.3 1 1
github.com/GoogleContainerTools/kpt/porch/controllers/packagevariantsets/pkg/controllers/packagevariantset/render.go:270.2,271.16 2 1
github.com/GoogleContainerTools/kpt/porch/controllers/packagevariantsets/pkg/controllers/packagevariantset/render.go:271.16,273.3 1 0
github.com/GoogleContainerTools/kpt/porch/controllers/packagevariantsets/pkg/controllers/packagevariantset/render.go:275.2,276.9 2 1
github.com/GoogleContainerTools/kpt/porch/controllers/packagevariantsets/pkg/controllers/packagevariantset/render.go:276.9,278.3 1 0
github.com/GoogleContainerTools/kpt/porch/controllers/packagevariantsets/pkg/controllers/packagevariantset/render.go:280.2,280.15 1 1
github.com/GoogleContainerTools/kpt/porch/controllers/packagevariantsets/pkg/controllers/packagevariantset/render.go:284.52,297.16 10 1
github.com/GoogleContainerTools/kpt/porch/controllers/packagevariantsets/pkg/controllers/packagevariantset/render.go:297.16,299.3 1 0
github.com/GoogleContainerTools/kpt/porch/controllers/packagevariantsets/pkg/controllers/packagevariantset/render.go:301.2,302.19 2 1
github.com/GoogleContainerTools/kpt/porch/controllers/packagevariantsets/pkg/controllers/packagevariantset/render.go:302.19,304.3 1 1
github.com/GoogleContainerTools/kpt/porch/controllers/packagevariantsets/pkg/controllers/packagevariantset/render.go:306.2,307.16 2 1
github.com/GoogleContainerTools/kpt/porch/controllers/packagevariantsets/pkg/controllers/packagevariantset/render.go:307.16,309.3 1 0
github.com/GoogleContainerTools/kpt/porch/controllers/packagevariantsets/pkg/controllers/packagevariantset/render.go:310.2,314.3 1 1
github.com/GoogleContainerTools/kpt/porch/controllers/packagevariantsets/pkg/controllers/packagevariantset/validate.go:25.68,27.30 2 1
github.com/GoogleContainerTools/kpt/porch/controllers/packagevariantsets/pkg/controllers/packagevariantset/validate.go:27.30,29.3 1 1
github.com/GoogleContainerTools/kpt/porch/controllers/packagevariantsets/pkg/controllers/packagevariantset/validate.go:29.8,30.38 1 1
github.com/GoogleContainerTools/kpt/porch/controllers/packagevariantsets/pkg/controllers/packagevariantset/validate.go:30.38,32.4 1 1
github.com/GoogleContainerTools/kpt/porch/controllers/packagevariantsets/pkg/controllers/packagevariantset/validate.go:33.3,33.35 1 1
github.com/GoogleContainerTools/kpt/porch/controllers/packagevariantsets/pkg/controllers/packagevariantset/validate.go:33.35,35.4 1 1
github.com/GoogleContainerTools/kpt/porch/controllers/packagevariantsets/pkg/controllers/packagevariantset/validate.go:36.3,36.39 1 1
github.com/GoogleContainerTools/kpt/porch/controllers/packagevariantsets/pkg/controllers/packagevariantset/validate.go:36.39,38.4 1 1
github.com/GoogleContainerTools/kpt/porch/controllers/packagevariantsets/pkg/controllers/packagevariantset/validate.go:41.2,41.32 1 1
github.com/GoogleContainerTools/kpt/porch/controllers/packagevariantsets/pkg/controllers/packagevariantset/validate.go:41.32,43.3 1 1
github.com/GoogleContainerTools/kpt/porch/controllers/packagevariantsets/pkg/controllers/packagevariantset/validate.go:44.2,44.42 1 1
github.com/GoogleContainerTools/kpt/porch/controllers/packagevariantsets/pkg/controllers/packagevariantset/validate.go:44.42,46.3 1 1
github.com/GoogleContainerTools/kpt/porch/controllers/packagevariantsets/pkg/controllers/packagevariantset/validate.go:48.2,48.16 1 1
github.com/GoogleContainerTools/kpt/porch/controllers/packagevariantsets/pkg/controllers/packagevariantset/validate.go:51.55,54.32 3 1
github.com/GoogleContainerTools/kpt/porch/controllers/packagevariantsets/pkg/controllers/packagevariantset/validate.go:54.32,57.36 2 1
github.com/GoogleContainerTools/kpt/porch/controllers/packagevariantsets/pkg/controllers/packagevariantset/validate.go:57.36,59.4 1 0
github.com/GoogleContainerTools/kpt/porch/controllers/packagevariantsets/pkg/controllers/packagevariantset/validate.go:61.3,61.42 1 1
github.com/GoogleContainerTools/kpt/porch/controllers/packagevariantsets/pkg/controllers/packagevariantset/validate.go:61.42,62.21 1 1
github.com/GoogleContainerTools/kpt/porch/controllers/packagevariantsets/pkg/controllers/packagevariantset/validate.go:62.21,64.5 1 1
github.com/GoogleContainerTools/kpt/porch/controllers/packagevariantsets/pkg/controllers/packagevariantset/validate.go:66.4,66.39 1 1
github.com/GoogleContainerTools/kpt/porch/controllers/packagevariantsets/pkg/controllers/packagevariantset/validate.go:66.39,67.17 1 1
github.com/GoogleContainerTools/kpt/porch/controllers/packagevariantsets/pkg/controllers/packagevariantset/validate.go:67.17,69.6 1 1
github.com/GoogleContainerTools/kpt/porch/controllers/packagevariantsets/pkg/controllers/packagevariantset/validate.go:74.2,74.38 1 1
github.com/GoogleContainerTools/kpt/porch/controllers/packagevariantsets/pkg/controllers/packagevariantset/validate.go:74.38,76.3 1 1
github.com/GoogleContainerTools/kpt/porch/controllers/packagevariantsets/pkg/controllers/packagevariantset/validate.go:78.2,78.34 1 1
github.com/GoogleContainerTools/kpt/porch/controllers/packagevariantsets/pkg/controllers/packagevariantset/validate.go:78.34,80.45 2 0
github.com/GoogleContainerTools/kpt/porch/controllers/packagevariantsets/pkg/controllers/packagevariantset/validate.go:80.45,82.4 1 0
github.com/GoogleContainerTools/kpt/porch/controllers/packagevariantsets/pkg/controllers/packagevariantset/validate.go:83.3,83.39 1 0
github.com/GoogleContainerTools/kpt/porch/controllers/packagevariantsets/pkg/controllers/packagevariantset/validate.go:83.39,85.4 1 0
github.com/GoogleContainerTools/kpt/porch/controllers/packagevariantsets/pkg/controllers/packagevariantset/validate.go:88.2,88.16 1 1
github.com/GoogleContainerTools/kpt/porch/controllers/packagevariantsets/pkg/controllers/packagevariantset/validate.go:88.16,90.3 1 1
github.com/GoogleContainerTools/kpt/porch/controllers/packagevariantsets/pkg/controllers/packagevariantset/validate.go:92.2,92.28 1 1
github.com/GoogleContainerTools/kpt/porch/controllers/packagevariantsets/pkg/controllers/packagevariantset/validate.go:92.28,94.3 1 1
github.com/GoogleContainerTools/kpt/porch/controllers/packagevariantsets/pkg/controllers/packagevariantset/validate.go:96.2,96.107 1 1
github.com/GoogleContainerTools/kpt/porch/controllers/packagevariantsets/pkg/controllers/packagevariantset/validate.go:99.83,102.69 2 1
github.com/GoogleContainerTools/kpt/porch/controllers/packagevariantsets/pkg/controllers/packagevariantset/validate.go:102.69,105.3 1 1
github.com/GoogleContainerTools/kpt/porch/controllers/packagevariantsets/pkg/controllers/packagevariantset/validate.go:107.2,108.62 1 1
github.com/GoogleContainerTools/kpt/porch/controllers/packagevariantsets/pkg/controllers/packagevariantset/validate.go:108.62,111.3 1 1
github.com/GoogleContainerTools/kpt/porch/controllers/packagevariantsets/pkg/controllers/packagevariantset/validate.go:113.2,113.32 1 1
github.com/GoogleContainerTools/kpt/porch/controllers/packagevariantsets/pkg/controllers/packagevariantset/validate.go:113.32,114.77 1 1
github.com/GoogleContainerTools/kpt/porch/controllers/packagevariantsets/pkg/controllers/packagevariantset/validate.go:114.77,116.4 1 1
github.com/GoogleContainerTools/kpt/porch/controllers/packagevariantsets/pkg/controllers/packagevariantset/validate.go:117.3,117.83 1 1
github.com/GoogleContainerTools/kpt/porch/controllers/packagevariantsets/pkg/controllers/packagevariantset/validate.go:117.83,119.4 1 1
github.com/GoogleContainerTools/kpt/porch/controllers/packagevariantsets/pkg/controllers/packagevariantset/validate.go:122.2,122.32 1 1
github.com/GoogleContainerTools/kpt/porch/controllers/packagevariantsets/pkg/controllers/packagevariantset/validate.go:122.32,124.3 1 1
github.com/GoogleContainerTools/kpt/porch/controllers/packagevariantsets/pkg/controllers/packagevariantset/validate.go:126.2,126.37 1 1
github.com/GoogleContainerTools/kpt/porch/controllers/packagevariantsets/pkg/controllers/packagevariantset/validate.go:126.37,128.3 1 1
github.com/GoogleContainerTools/kpt/porch/controllers/packagevariantsets/pkg/controllers/packagevariantset/validate.go:130.2,130.80 1 1
github.com/GoogleContainerTools/kpt/porch/controllers/packagevariantsets/pkg/controllers/packagevariantset/validate.go:130.80,132.3 1 1
github.com/GoogleContainerTools/kpt/porch/controllers/packagevariantsets/pkg/controllers/packagevariantset/validate.go:134.2,134.16 1 1
github.com/GoogleContainerTools/kpt/porch/controllers/packagevariantsets/pkg/controllers/packagevariantset/validate.go:137.65,139.23 2 1
github.com/GoogleContainerTools/kpt/porch/controllers/packagevariantsets/pkg/controllers/packagevariantset/validate.go:139.23,140.41 1 1
github.com/GoogleContainerTools/kpt/porch/controllers/packagevariantsets/pkg/controllers/packagevariantset/validate.go:140.41,142.4 1 1
github.com/GoogleContainerTools/kpt/porch/controllers/packagevariantsets/pkg/controllers/packagevariantset/validate.go:143.3,143.45 1 1
github.com/GoogleContainerTools/kpt/porch/controllers/packagevariantsets/pkg/controllers/packagevariantset/validate.go:143.45,145.4 1 1
github.com/GoogleContainerTools/kpt/porch/controllers/packagevariantsets/pkg/controllers/packagevariantset/validate.go:148.2,148.16 1 1
github.com/GoogleContainerTools/kpt/porch/controllers/packagevariantsets/pkg/controllers/packagevariantset/validate.go:151.41,153.25 2 0
github.com/GoogleContainerTools/kpt/porch/controllers/packagevariantsets/pkg/controllers/packagevariantset/validate.go:153.25,154.22 1 0
github.com/GoogleContainerTools/kpt/porch/controllers/packagevariantsets/pkg/controllers/packagevariantset/validate.go:154.22,156.4 1 0
github.com/GoogleContainerTools/kpt/porch/controllers/packagevariantsets/pkg/controllers/packagevariantset/validate.go:158.2,158.36 1 0
